{"/Users/scott/trailpack-proxy-router/lib/index.js":{"path":"/Users/scott/trailpack-proxy-router/lib/index.js","statementMap":{"0":{"start":{"line":1,"column":0},"end":{"line":1,"column":46}},"1":{"start":{"line":2,"column":0},"end":{"line":2,"column":56}},"2":{"start":{"line":3,"column":0},"end":{"line":3,"column":42}},"3":{"start":{"line":4,"column":0},"end":{"line":4,"column":38}},"4":{"start":{"line":5,"column":0},"end":{"line":5,"column":44}},"5":{"start":{"line":6,"column":0},"end":{"line":6,"column":36}}},"fnMap":{},"branchMap":{},"s":{"0":1,"1":1,"2":1,"3":1,"4":1,"5":1},"f":{},"b":{},"_coverageSchema":"332fd63041d2c1bcb487cc26dd0d5f7d97098a6c","hash":"769fd4e0b9b8baebe8ad5948cb9693c85f305fb5","contentHash":"729b2c2df012ff8092ec92b798b1f83d_11.3.0"},"/Users/scott/trailpack-proxy-router/lib/proxyRouter.js":{"path":"/Users/scott/trailpack-proxy-router/lib/proxyRouter.js","statementMap":{"0":{"start":{"line":4,"column":10},"end":{"line":4,"column":27}},"1":{"start":{"line":5,"column":15},"end":{"line":5,"column":34}},"2":{"start":{"line":6,"column":17},"end":{"line":6,"column":38}},"3":{"start":{"line":7,"column":19},"end":{"line":7,"column":73}},"4":{"start":{"line":9,"column":0},"end":{"line":168,"column":1}},"5":{"start":{"line":11,"column":4},"end":{"line":13,"column":5}},"6":{"start":{"line":12,"column":6},"end":{"line":12,"column":26}},"7":{"start":{"line":14,"column":4},"end":{"line":14,"column":30}},"8":{"start":{"line":21,"column":4},"end":{"line":26,"column":5}},"9":{"start":{"line":22,"column":6},"end":{"line":22,"column":48}},"10":{"start":{"line":27,"column":4},"end":{"line":27,"column":30}},"11":{"start":{"line":35,"column":19},"end":{"line":35,"column":100}},"12":{"start":{"line":36,"column":23},"end":{"line":36,"column":44}},"13":{"start":{"line":37,"column":4},"end":{"line":41,"column":5}},"14":{"start":{"line":38,"column":6},"end":{"line":40,"column":8}},"15":{"start":{"line":39,"column":8},"end":{"line":39,"column":40}},"16":{"start":{"line":42,"column":4},"end":{"line":42,"column":73}},"17":{"start":{"line":43,"column":4},"end":{"line":43,"column":54}},"18":{"start":{"line":44,"column":4},"end":{"line":44,"column":30}},"19":{"start":{"line":52,"column":4},"end":{"line":52,"column":37}},"20":{"start":{"line":54,"column":4},"end":{"line":64,"column":6}},"21":{"start":{"line":56,"column":6},"end":{"line":58,"column":7}},"22":{"start":{"line":57,"column":8},"end":{"line":57,"column":14}},"23":{"start":{"line":60,"column":6},"end":{"line":62,"column":7}},"24":{"start":{"line":61,"column":8},"end":{"line":61,"column":53}},"25":{"start":{"line":63,"column":6},"end":{"line":63,"column":12}},"26":{"start":{"line":65,"column":4},"end":{"line":65,"column":42}},"27":{"start":{"line":66,"column":4},"end":{"line":66,"column":75}},"28":{"start":{"line":67,"column":4},"end":{"line":67,"column":30}},"29":{"start":{"line":74,"column":4},"end":{"line":74,"column":40}},"30":{"start":{"line":76,"column":4},"end":{"line":86,"column":6}},"31":{"start":{"line":78,"column":6},"end":{"line":80,"column":7}},"32":{"start":{"line":79,"column":8},"end":{"line":79,"column":14}},"33":{"start":{"line":82,"column":6},"end":{"line":84,"column":7}},"34":{"start":{"line":83,"column":8},"end":{"line":83,"column":56}},"35":{"start":{"line":85,"column":6},"end":{"line":85,"column":12}},"36":{"start":{"line":87,"column":4},"end":{"line":87,"column":45}},"37":{"start":{"line":88,"column":4},"end":{"line":88,"column":30}},"38":{"start":{"line":96,"column":4},"end":{"line":96,"column":64}},"39":{"start":{"line":97,"column":4},"end":{"line":97,"column":30}},"40":{"start":{"line":105,"column":4},"end":{"line":107,"column":5}},"41":{"start":{"line":106,"column":6},"end":{"line":106,"column":35}},"42":{"start":{"line":108,"column":4},"end":{"line":123,"column":5}},"43":{"start":{"line":109,"column":6},"end":{"line":122,"column":7}},"44":{"start":{"line":124,"column":4},"end":{"line":124,"column":30}},"45":{"start":{"line":132,"column":4},"end":{"line":132,"column":68}},"46":{"start":{"line":133,"column":4},"end":{"line":133,"column":30}},"47":{"start":{"line":141,"column":4},"end":{"line":143,"column":5}},"48":{"start":{"line":142,"column":6},"end":{"line":142,"column":25}},"49":{"start":{"line":144,"column":4},"end":{"line":144,"column":30}},"50":{"start":{"line":152,"column":4},"end":{"line":154,"column":5}},"51":{"start":{"line":153,"column":6},"end":{"line":153,"column":26}},"52":{"start":{"line":155,"column":4},"end":{"line":155,"column":30}},"53":{"start":{"line":163,"column":4},"end":{"line":165,"column":5}},"54":{"start":{"line":164,"column":6},"end":{"line":164,"column":25}},"55":{"start":{"line":166,"column":4},"end":{"line":166,"column":30}}},"fnMap":{"0":{"name":"(anonymous_0)","decl":{"start":{"line":10,"column":10},"end":{"line":10,"column":11}},"loc":{"start":{"line":10,"column":19},"end":{"line":15,"column":3}},"line":10},"1":{"name":"(anonymous_1)","decl":{"start":{"line":20,"column":8},"end":{"line":20,"column":9}},"loc":{"start":{"line":20,"column":17},"end":{"line":28,"column":3}},"line":20},"2":{"name":"(anonymous_2)","decl":{"start":{"line":34,"column":13},"end":{"line":34,"column":14}},"loc":{"start":{"line":34,"column":22},"end":{"line":45,"column":3}},"line":34},"3":{"name":"(anonymous_3)","decl":{"start":{"line":38,"column":21},"end":{"line":38,"column":22}},"loc":{"start":{"line":38,"column":30},"end":{"line":40,"column":7}},"line":38},"4":{"name":"(anonymous_4)","decl":{"start":{"line":51,"column":16},"end":{"line":51,"column":17}},"loc":{"start":{"line":51,"column":25},"end":{"line":68,"column":3}},"line":51},"5":{"name":"(anonymous_5)","decl":{"start":{"line":54,"column":30},"end":{"line":54,"column":31}},"loc":{"start":{"line":54,"column":41},"end":{"line":64,"column":5}},"line":54},"6":{"name":"(anonymous_6)","decl":{"start":{"line":73,"column":19},"end":{"line":73,"column":20}},"loc":{"start":{"line":73,"column":28},"end":{"line":89,"column":3}},"line":73},"7":{"name":"(anonymous_7)","decl":{"start":{"line":76,"column":30},"end":{"line":76,"column":31}},"loc":{"start":{"line":76,"column":41},"end":{"line":86,"column":5}},"line":76},"8":{"name":"(anonymous_8)","decl":{"start":{"line":95,"column":15},"end":{"line":95,"column":16}},"loc":{"start":{"line":95,"column":24},"end":{"line":98,"column":3}},"line":95},"9":{"name":"(anonymous_9)","decl":{"start":{"line":104,"column":19},"end":{"line":104,"column":20}},"loc":{"start":{"line":104,"column":28},"end":{"line":125,"column":3}},"line":104},"10":{"name":"(anonymous_10)","decl":{"start":{"line":131,"column":16},"end":{"line":131,"column":17}},"loc":{"start":{"line":131,"column":25},"end":{"line":134,"column":3}},"line":131},"11":{"name":"(anonymous_11)","decl":{"start":{"line":140,"column":12},"end":{"line":140,"column":13}},"loc":{"start":{"line":140,"column":21},"end":{"line":145,"column":3}},"line":140},"12":{"name":"(anonymous_12)","decl":{"start":{"line":151,"column":13},"end":{"line":151,"column":14}},"loc":{"start":{"line":151,"column":22},"end":{"line":156,"column":3}},"line":151},"13":{"name":"(anonymous_13)","decl":{"start":{"line":162,"column":12},"end":{"line":162,"column":13}},"loc":{"start":{"line":162,"column":21},"end":{"line":167,"column":3}},"line":162}},"branchMap":{"0":{"loc":{"start":{"line":11,"column":4},"end":{"line":13,"column":5}},"type":"if","locations":[{"start":{"line":11,"column":4},"end":{"line":13,"column":5}},{"start":{"line":11,"column":4},"end":{"line":13,"column":5}}],"line":11},"1":{"loc":{"start":{"line":21,"column":4},"end":{"line":26,"column":5}},"type":"if","locations":[{"start":{"line":21,"column":4},"end":{"line":26,"column":5}},{"start":{"line":21,"column":4},"end":{"line":26,"column":5}}],"line":21},"2":{"loc":{"start":{"line":35,"column":19},"end":{"line":35,"column":100}},"type":"binary-expr","locations":[{"start":{"line":35,"column":19},"end":{"line":35,"column":58}},{"start":{"line":35,"column":62},"end":{"line":35,"column":100}}],"line":35},"3":{"loc":{"start":{"line":37,"column":4},"end":{"line":41,"column":5}},"type":"if","locations":[{"start":{"line":37,"column":4},"end":{"line":41,"column":5}},{"start":{"line":37,"column":4},"end":{"line":41,"column":5}}],"line":37},"4":{"loc":{"start":{"line":56,"column":6},"end":{"line":58,"column":7}},"type":"if","locations":[{"start":{"line":56,"column":6},"end":{"line":58,"column":7}},{"start":{"line":56,"column":6},"end":{"line":58,"column":7}}],"line":56},"5":{"loc":{"start":{"line":56,"column":10},"end":{"line":56,"column":99}},"type":"binary-expr","locations":[{"start":{"line":56,"column":10},"end":{"line":56,"column":32}},{"start":{"line":56,"column":37},"end":{"line":56,"column":61}},{"start":{"line":56,"column":65},"end":{"line":56,"column":98}}],"line":56},"6":{"loc":{"start":{"line":60,"column":6},"end":{"line":62,"column":7}},"type":"if","locations":[{"start":{"line":60,"column":6},"end":{"line":62,"column":7}},{"start":{"line":60,"column":6},"end":{"line":62,"column":7}}],"line":60},"7":{"loc":{"start":{"line":60,"column":10},"end":{"line":60,"column":113}},"type":"binary-expr","locations":[{"start":{"line":60,"column":10},"end":{"line":60,"column":22}},{"start":{"line":60,"column":26},"end":{"line":60,"column":42}},{"start":{"line":60,"column":46},"end":{"line":60,"column":74}},{"start":{"line":60,"column":78},"end":{"line":60,"column":113}}],"line":60},"8":{"loc":{"start":{"line":78,"column":6},"end":{"line":80,"column":7}},"type":"if","locations":[{"start":{"line":78,"column":6},"end":{"line":80,"column":7}},{"start":{"line":78,"column":6},"end":{"line":80,"column":7}}],"line":78},"9":{"loc":{"start":{"line":78,"column":10},"end":{"line":78,"column":99}},"type":"binary-expr","locations":[{"start":{"line":78,"column":10},"end":{"line":78,"column":32}},{"start":{"line":78,"column":37},"end":{"line":78,"column":61}},{"start":{"line":78,"column":65},"end":{"line":78,"column":98}}],"line":78},"10":{"loc":{"start":{"line":82,"column":6},"end":{"line":84,"column":7}},"type":"if","locations":[{"start":{"line":82,"column":6},"end":{"line":84,"column":7}},{"start":{"line":82,"column":6},"end":{"line":84,"column":7}}],"line":82},"11":{"loc":{"start":{"line":82,"column":10},"end":{"line":82,"column":70}},"type":"binary-expr","locations":[{"start":{"line":82,"column":10},"end":{"line":82,"column":38}},{"start":{"line":82,"column":42},"end":{"line":82,"column":70}}],"line":82},"12":{"loc":{"start":{"line":105,"column":4},"end":{"line":107,"column":5}},"type":"if","locations":[{"start":{"line":105,"column":4},"end":{"line":107,"column":5}},{"start":{"line":105,"column":4},"end":{"line":107,"column":5}}],"line":105},"13":{"loc":{"start":{"line":108,"column":4},"end":{"line":123,"column":5}},"type":"if","locations":[{"start":{"line":108,"column":4},"end":{"line":123,"column":5}},{"start":{"line":108,"column":4},"end":{"line":123,"column":5}}],"line":108},"14":{"loc":{"start":{"line":141,"column":4},"end":{"line":143,"column":5}},"type":"if","locations":[{"start":{"line":141,"column":4},"end":{"line":143,"column":5}},{"start":{"line":141,"column":4},"end":{"line":143,"column":5}}],"line":141},"15":{"loc":{"start":{"line":152,"column":4},"end":{"line":154,"column":5}},"type":"if","locations":[{"start":{"line":152,"column":4},"end":{"line":154,"column":5}},{"start":{"line":152,"column":4},"end":{"line":154,"column":5}}],"line":152},"16":{"loc":{"start":{"line":163,"column":4},"end":{"line":165,"column":5}},"type":"if","locations":[{"start":{"line":163,"column":4},"end":{"line":165,"column":5}},{"start":{"line":163,"column":4},"end":{"line":165,"column":5}}],"line":163}},"s":{"0":1,"1":1,"2":1,"3":1,"4":1,"5":1,"6":1,"7":1,"8":1,"9":1,"10":1,"11":1,"12":1,"13":1,"14":0,"15":0,"16":1,"17":1,"18":1,"19":1,"20":1,"21":45,"22":21,"23":24,"24":4,"25":24,"26":1,"27":1,"28":1,"29":1,"30":1,"31":45,"32":21,"33":24,"34":8,"35":24,"36":1,"37":1,"38":1,"39":1,"40":1,"41":0,"42":1,"43":1,"44":1,"45":1,"46":1,"47":1,"48":0,"49":1,"50":1,"51":0,"52":1,"53":1,"54":0,"55":1},"f":{"0":1,"1":1,"2":1,"3":0,"4":1,"5":45,"6":1,"7":45,"8":1,"9":1,"10":1,"11":1,"12":1,"13":1},"b":{"0":[1,0],"1":[1,0],"2":[1,1],"3":[0,1],"4":[21,24],"5":[45,45,45],"6":[4,20],"7":[24,16,16,4],"8":[21,24],"9":[45,45,45],"10":[8,16],"11":[24,17],"12":[0,1],"13":[1,0],"14":[0,1],"15":[0,1],"16":[0,1]},"_coverageSchema":"332fd63041d2c1bcb487cc26dd0d5f7d97098a6c","hash":"6c1ea7a3e7f0beaca4f01228cdb283936fb7d2ee","contentHash":"90c13e452769137850464f6bc233a20c_11.3.0"},"/Users/scott/trailpack-proxy-router/lib/routes.js":{"path":"/Users/scott/trailpack-proxy-router/lib/routes.js","statementMap":{"0":{"start":{"line":3,"column":16},"end":{"line":3,"column":36}},"1":{"start":{"line":5,"column":0},"end":{"line":172,"column":1}}},"fnMap":{},"branchMap":{},"s":{"0":1,"1":1},"f":{},"b":{},"_coverageSchema":"332fd63041d2c1bcb487cc26dd0d5f7d97098a6c","hash":"da464b91860815dfe9767fc8e96c3f87ae184290","contentHash":"6daa0a704dddaf839e192d2165005a8e_11.3.0"},"/Users/scott/trailpack-proxy-router/lib/schemas/index.js":{"path":"/Users/scott/trailpack-proxy-router/lib/schemas/index.js","statementMap":{"0":{"start":{"line":2,"column":12},"end":{"line":2,"column":26}},"1":{"start":{"line":4,"column":0},"end":{"line":112,"column":1}}},"fnMap":{},"branchMap":{},"s":{"0":1,"1":1},"f":{},"b":{},"_coverageSchema":"332fd63041d2c1bcb487cc26dd0d5f7d97098a6c","hash":"c6e2d265504db8545dfd3b2adef9fb105a66b307","contentHash":"13683dff26282c81a891b87c64e85c23_11.3.0"},"/Users/scott/trailpack-proxy-router/lib/policies.js":{"path":"/Users/scott/trailpack-proxy-router/lib/policies.js","statementMap":{"0":{"start":{"line":1,"column":0},"end":{"line":1,"column":19}}},"fnMap":{},"branchMap":{},"s":{"0":1},"f":{},"b":{},"_coverageSchema":"332fd63041d2c1bcb487cc26dd0d5f7d97098a6c","hash":"2c131865de07e38beca9492b8885e1ef9acaf8a0","contentHash":"a24a03c9b4271ca0cd0e921011171120_11.3.0"},"/Users/scott/trailpack-proxy-router/lib/proxyRouterCache/index.js":{"path":"/Users/scott/trailpack-proxy-router/lib/proxyRouterCache/index.js","statementMap":{},"fnMap":{},"branchMap":{},"s":{},"f":{},"b":{},"_coverageSchema":"332fd63041d2c1bcb487cc26dd0d5f7d97098a6c","hash":"de38f1834c7240461dbda3dc3b5984c805d99a68","contentHash":"f9d56421b73ce7b5ff0d77e51e2a6936_11.3.0"},"/Users/scott/trailpack-proxy-router/lib/validator.js":{"path":"/Users/scott/trailpack-proxy-router/lib/validator.js","statementMap":{"0":{"start":{"line":5,"column":12},"end":{"line":5,"column":26}},"1":{"start":{"line":6,"column":12},"end":{"line":6,"column":24}},"2":{"start":{"line":7,"column":15},"end":{"line":7,"column":45}},"3":{"start":{"line":9,"column":0},"end":{"line":117,"column":1}},"4":{"start":{"line":11,"column":4},"end":{"line":18,"column":6}},"5":{"start":{"line":12,"column":6},"end":{"line":17,"column":8}},"6":{"start":{"line":13,"column":8},"end":{"line":15,"column":9}},"7":{"start":{"line":14,"column":10},"end":{"line":14,"column":65}},"8":{"start":{"line":16,"column":8},"end":{"line":16,"column":29}},"9":{"start":{"line":21,"column":4},"end":{"line":28,"column":6}},"10":{"start":{"line":22,"column":6},"end":{"line":27,"column":8}},"11":{"start":{"line":23,"column":8},"end":{"line":25,"column":9}},"12":{"start":{"line":24,"column":10},"end":{"line":24,"column":68}},"13":{"start":{"line":26,"column":8},"end":{"line":26,"column":29}},"14":{"start":{"line":31,"column":4},"end":{"line":39,"column":6}},"15":{"start":{"line":33,"column":6},"end":{"line":38,"column":8}},"16":{"start":{"line":34,"column":8},"end":{"line":36,"column":9}},"17":{"start":{"line":35,"column":10},"end":{"line":35,"column":72}},"18":{"start":{"line":37,"column":8},"end":{"line":37,"column":29}},"19":{"start":{"line":43,"column":4},"end":{"line":50,"column":6}},"20":{"start":{"line":44,"column":6},"end":{"line":49,"column":8}},"21":{"start":{"line":45,"column":8},"end":{"line":47,"column":9}},"22":{"start":{"line":46,"column":10},"end":{"line":46,"column":56}},"23":{"start":{"line":48,"column":8},"end":{"line":48,"column":29}},"24":{"start":{"line":53,"column":4},"end":{"line":60,"column":6}},"25":{"start":{"line":54,"column":6},"end":{"line":59,"column":8}},"26":{"start":{"line":55,"column":8},"end":{"line":57,"column":9}},"27":{"start":{"line":56,"column":10},"end":{"line":56,"column":56}},"28":{"start":{"line":58,"column":8},"end":{"line":58,"column":29}},"29":{"start":{"line":64,"column":4},"end":{"line":71,"column":6}},"30":{"start":{"line":65,"column":6},"end":{"line":70,"column":8}},"31":{"start":{"line":66,"column":8},"end":{"line":68,"column":9}},"32":{"start":{"line":67,"column":10},"end":{"line":67,"column":56}},"33":{"start":{"line":69,"column":8},"end":{"line":69,"column":29}},"34":{"start":{"line":74,"column":4},"end":{"line":81,"column":6}},"35":{"start":{"line":75,"column":6},"end":{"line":80,"column":8}},"36":{"start":{"line":76,"column":8},"end":{"line":78,"column":9}},"37":{"start":{"line":77,"column":10},"end":{"line":77,"column":56}},"38":{"start":{"line":79,"column":8},"end":{"line":79,"column":29}},"39":{"start":{"line":84,"column":4},"end":{"line":91,"column":6}},"40":{"start":{"line":85,"column":6},"end":{"line":90,"column":8}},"41":{"start":{"line":86,"column":8},"end":{"line":88,"column":9}},"42":{"start":{"line":87,"column":10},"end":{"line":87,"column":56}},"43":{"start":{"line":89,"column":8},"end":{"line":89,"column":29}},"44":{"start":{"line":95,"column":4},"end":{"line":103,"column":6}},"45":{"start":{"line":97,"column":6},"end":{"line":102,"column":8}},"46":{"start":{"line":98,"column":8},"end":{"line":100,"column":9}},"47":{"start":{"line":99,"column":10},"end":{"line":99,"column":56}},"48":{"start":{"line":101,"column":8},"end":{"line":101,"column":29}},"49":{"start":{"line":107,"column":4},"end":{"line":115,"column":6}},"50":{"start":{"line":109,"column":6},"end":{"line":114,"column":8}},"51":{"start":{"line":110,"column":8},"end":{"line":112,"column":9}},"52":{"start":{"line":111,"column":10},"end":{"line":111,"column":56}},"53":{"start":{"line":113,"column":8},"end":{"line":113,"column":29}}},"fnMap":{"0":{"name":"(anonymous_0)","decl":{"start":{"line":11,"column":23},"end":{"line":11,"column":24}},"loc":{"start":{"line":11,"column":44},"end":{"line":18,"column":5}},"line":11},"1":{"name":"(anonymous_1)","decl":{"start":{"line":12,"column":55},"end":{"line":12,"column":56}},"loc":{"start":{"line":12,"column":71},"end":{"line":17,"column":7}},"line":12},"2":{"name":"(anonymous_2)","decl":{"start":{"line":21,"column":23},"end":{"line":21,"column":24}},"loc":{"start":{"line":21,"column":44},"end":{"line":28,"column":5}},"line":21},"3":{"name":"(anonymous_3)","decl":{"start":{"line":22,"column":58},"end":{"line":22,"column":59}},"loc":{"start":{"line":22,"column":74},"end":{"line":27,"column":7}},"line":22},"4":{"name":"(anonymous_4)","decl":{"start":{"line":31,"column":23},"end":{"line":31,"column":24}},"loc":{"start":{"line":31,"column":44},"end":{"line":39,"column":5}},"line":31},"5":{"name":"(anonymous_5)","decl":{"start":{"line":33,"column":67},"end":{"line":33,"column":68}},"loc":{"start":{"line":33,"column":83},"end":{"line":38,"column":7}},"line":33},"6":{"name":"(anonymous_6)","decl":{"start":{"line":43,"column":23},"end":{"line":43,"column":24}},"loc":{"start":{"line":43,"column":44},"end":{"line":50,"column":5}},"line":43},"7":{"name":"(anonymous_7)","decl":{"start":{"line":44,"column":47},"end":{"line":44,"column":48}},"loc":{"start":{"line":44,"column":63},"end":{"line":49,"column":7}},"line":44},"8":{"name":"(anonymous_8)","decl":{"start":{"line":53,"column":23},"end":{"line":53,"column":24}},"loc":{"start":{"line":53,"column":44},"end":{"line":60,"column":5}},"line":53},"9":{"name":"(anonymous_9)","decl":{"start":{"line":54,"column":53},"end":{"line":54,"column":54}},"loc":{"start":{"line":54,"column":69},"end":{"line":59,"column":7}},"line":54},"10":{"name":"(anonymous_10)","decl":{"start":{"line":64,"column":23},"end":{"line":64,"column":24}},"loc":{"start":{"line":64,"column":44},"end":{"line":71,"column":5}},"line":64},"11":{"name":"(anonymous_11)","decl":{"start":{"line":65,"column":49},"end":{"line":65,"column":50}},"loc":{"start":{"line":65,"column":65},"end":{"line":70,"column":7}},"line":65},"12":{"name":"(anonymous_12)","decl":{"start":{"line":74,"column":23},"end":{"line":74,"column":24}},"loc":{"start":{"line":74,"column":44},"end":{"line":81,"column":5}},"line":74},"13":{"name":"(anonymous_13)","decl":{"start":{"line":75,"column":53},"end":{"line":75,"column":54}},"loc":{"start":{"line":75,"column":69},"end":{"line":80,"column":7}},"line":75},"14":{"name":"(anonymous_14)","decl":{"start":{"line":84,"column":23},"end":{"line":84,"column":24}},"loc":{"start":{"line":84,"column":44},"end":{"line":91,"column":5}},"line":84},"15":{"name":"(anonymous_15)","decl":{"start":{"line":85,"column":55},"end":{"line":85,"column":56}},"loc":{"start":{"line":85,"column":71},"end":{"line":90,"column":7}},"line":85},"16":{"name":"(anonymous_16)","decl":{"start":{"line":95,"column":23},"end":{"line":95,"column":24}},"loc":{"start":{"line":95,"column":44},"end":{"line":103,"column":5}},"line":95},"17":{"name":"(anonymous_17)","decl":{"start":{"line":97,"column":45},"end":{"line":97,"column":46}},"loc":{"start":{"line":97,"column":61},"end":{"line":102,"column":7}},"line":97},"18":{"name":"(anonymous_18)","decl":{"start":{"line":107,"column":23},"end":{"line":107,"column":24}},"loc":{"start":{"line":107,"column":44},"end":{"line":115,"column":5}},"line":107},"19":{"name":"(anonymous_19)","decl":{"start":{"line":109,"column":50},"end":{"line":109,"column":51}},"loc":{"start":{"line":109,"column":66},"end":{"line":114,"column":7}},"line":109}},"branchMap":{"0":{"loc":{"start":{"line":13,"column":8},"end":{"line":15,"column":9}},"type":"if","locations":[{"start":{"line":13,"column":8},"end":{"line":15,"column":9}},{"start":{"line":13,"column":8},"end":{"line":15,"column":9}}],"line":13},"1":{"loc":{"start":{"line":23,"column":8},"end":{"line":25,"column":9}},"type":"if","locations":[{"start":{"line":23,"column":8},"end":{"line":25,"column":9}},{"start":{"line":23,"column":8},"end":{"line":25,"column":9}}],"line":23},"2":{"loc":{"start":{"line":34,"column":8},"end":{"line":36,"column":9}},"type":"if","locations":[{"start":{"line":34,"column":8},"end":{"line":36,"column":9}},{"start":{"line":34,"column":8},"end":{"line":36,"column":9}}],"line":34},"3":{"loc":{"start":{"line":45,"column":8},"end":{"line":47,"column":9}},"type":"if","locations":[{"start":{"line":45,"column":8},"end":{"line":47,"column":9}},{"start":{"line":45,"column":8},"end":{"line":47,"column":9}}],"line":45},"4":{"loc":{"start":{"line":55,"column":8},"end":{"line":57,"column":9}},"type":"if","locations":[{"start":{"line":55,"column":8},"end":{"line":57,"column":9}},{"start":{"line":55,"column":8},"end":{"line":57,"column":9}}],"line":55},"5":{"loc":{"start":{"line":66,"column":8},"end":{"line":68,"column":9}},"type":"if","locations":[{"start":{"line":66,"column":8},"end":{"line":68,"column":9}},{"start":{"line":66,"column":8},"end":{"line":68,"column":9}}],"line":66},"6":{"loc":{"start":{"line":76,"column":8},"end":{"line":78,"column":9}},"type":"if","locations":[{"start":{"line":76,"column":8},"end":{"line":78,"column":9}},{"start":{"line":76,"column":8},"end":{"line":78,"column":9}}],"line":76},"7":{"loc":{"start":{"line":86,"column":8},"end":{"line":88,"column":9}},"type":"if","locations":[{"start":{"line":86,"column":8},"end":{"line":88,"column":9}},{"start":{"line":86,"column":8},"end":{"line":88,"column":9}}],"line":86},"8":{"loc":{"start":{"line":98,"column":8},"end":{"line":100,"column":9}},"type":"if","locations":[{"start":{"line":98,"column":8},"end":{"line":100,"column":9}},{"start":{"line":98,"column":8},"end":{"line":100,"column":9}}],"line":98},"9":{"loc":{"start":{"line":110,"column":8},"end":{"line":112,"column":9}},"type":"if","locations":[{"start":{"line":110,"column":8},"end":{"line":112,"column":9}},{"start":{"line":110,"column":8},"end":{"line":112,"column":9}}],"line":110}},"s":{"0":1,"1":1,"2":1,"3":1,"4":1,"5":1,"6":1,"7":0,"8":1,"9":1,"10":1,"11":1,"12":0,"13":1,"14":1,"15":1,"16":1,"17":0,"18":1,"19":5,"20":5,"21":5,"22":1,"23":4,"24":1,"25":1,"26":1,"27":0,"28":1,"29":2,"30":2,"31":2,"32":1,"33":1,"34":2,"35":2,"36":2,"37":1,"38":1,"39":2,"40":2,"41":2,"42":1,"43":1,"44":0,"45":0,"46":0,"47":0,"48":0,"49":6,"50":6,"51":6,"52":2,"53":4},"f":{"0":1,"1":1,"2":1,"3":1,"4":1,"5":1,"6":5,"7":5,"8":1,"9":1,"10":2,"11":2,"12":2,"13":2,"14":2,"15":2,"16":0,"17":0,"18":6,"19":6},"b":{"0":[0,1],"1":[0,1],"2":[0,1],"3":[1,4],"4":[0,1],"5":[1,1],"6":[1,1],"7":[1,1],"8":[0,0],"9":[2,4]},"_coverageSchema":"332fd63041d2c1bcb487cc26dd0d5f7d97098a6c","hash":"3506b68e3064b0e2fc39608422eb7adbfeb7ea62","contentHash":"903a46544a220948037bacde9182a236_11.3.0"},"/Users/scott/trailpack-proxy-router/lib/middleware.js":{"path":"/Users/scott/trailpack-proxy-router/lib/middleware.js","statementMap":{"0":{"start":{"line":4,"column":10},"end":{"line":4,"column":27}},"1":{"start":{"line":5,"column":0},"end":{"line":65,"column":1}},"2":{"start":{"line":8,"column":26},"end":{"line":8,"column":62}},"3":{"start":{"line":9,"column":4},"end":{"line":63,"column":5}},"4":{"start":{"line":11,"column":17},"end":{"line":11,"column":33}},"5":{"start":{"line":15,"column":6},"end":{"line":57,"column":10}},"6":{"start":{"line":17,"column":10},"end":{"line":28,"column":11}},"7":{"start":{"line":19,"column":12},"end":{"line":19,"column":35}},"8":{"start":{"line":20,"column":12},"end":{"line":20,"column":27}},"9":{"start":{"line":21,"column":12},"end":{"line":21,"column":64}},"10":{"start":{"line":23,"column":12},"end":{"line":23,"column":25}},"11":{"start":{"line":27,"column":12},"end":{"line":27,"column":52}},"12":{"start":{"line":32,"column":10},"end":{"line":32,"column":27}},"13":{"start":{"line":34,"column":10},"end":{"line":34,"column":53}},"14":{"start":{"line":38,"column":10},"end":{"line":38,"column":39}},"15":{"start":{"line":40,"column":10},"end":{"line":40,"column":79}},"16":{"start":{"line":42,"column":10},"end":{"line":42,"column":33}},"17":{"start":{"line":43,"column":10},"end":{"line":43,"column":25}},"18":{"start":{"line":44,"column":10},"end":{"line":44,"column":62}},"19":{"start":{"line":45,"column":10},"end":{"line":45,"column":23}},"20":{"start":{"line":49,"column":10},"end":{"line":49,"column":33}},"21":{"start":{"line":50,"column":10},"end":{"line":50,"column":25}},"22":{"start":{"line":51,"column":10},"end":{"line":51,"column":62}},"23":{"start":{"line":52,"column":10},"end":{"line":52,"column":38}},"24":{"start":{"line":54,"column":10},"end":{"line":54,"column":33}},"25":{"start":{"line":56,"column":10},"end":{"line":56,"column":23}},"26":{"start":{"line":61,"column":6},"end":{"line":61,"column":29}},"27":{"start":{"line":62,"column":6},"end":{"line":62,"column":12}}},"fnMap":{"0":{"name":"(anonymous_0)","decl":{"start":{"line":6,"column":15},"end":{"line":6,"column":16}},"loc":{"start":{"line":6,"column":41},"end":{"line":64,"column":3}},"line":6},"1":{"name":"(anonymous_1)","decl":{"start":{"line":16,"column":14},"end":{"line":16,"column":15}},"loc":{"start":{"line":16,"column":23},"end":{"line":29,"column":9}},"line":16},"2":{"name":"(anonymous_2)","decl":{"start":{"line":30,"column":14},"end":{"line":30,"column":15}},"loc":{"start":{"line":30,"column":23},"end":{"line":35,"column":9}},"line":30},"3":{"name":"(anonymous_3)","decl":{"start":{"line":36,"column":14},"end":{"line":36,"column":15}},"loc":{"start":{"line":36,"column":29},"end":{"line":46,"column":9}},"line":36},"4":{"name":"(anonymous_4)","decl":{"start":{"line":47,"column":15},"end":{"line":47,"column":16}},"loc":{"start":{"line":47,"column":24},"end":{"line":57,"column":9}},"line":47}},"branchMap":{"0":{"loc":{"start":{"line":9,"column":4},"end":{"line":63,"column":5}},"type":"if","locations":[{"start":{"line":9,"column":4},"end":{"line":63,"column":5}},{"start":{"line":9,"column":4},"end":{"line":63,"column":5}}],"line":9},"1":{"loc":{"start":{"line":17,"column":10},"end":{"line":28,"column":11}},"type":"if","locations":[{"start":{"line":17,"column":10},"end":{"line":28,"column":11}},{"start":{"line":17,"column":10},"end":{"line":28,"column":11}}],"line":17}},"s":{"0":1,"1":1,"2":27,"3":27,"4":7,"5":7,"6":7,"7":0,"8":0,"9":0,"10":0,"11":7,"12":7,"13":7,"14":7,"15":7,"16":7,"17":7,"18":7,"19":7,"20":0,"21":0,"22":0,"23":0,"24":0,"25":0,"26":20,"27":20},"f":{"0":27,"1":7,"2":7,"3":7,"4":0},"b":{"0":[7,20],"1":[0,7]},"_coverageSchema":"332fd63041d2c1bcb487cc26dd0d5f7d97098a6c","hash":"9ca7c0c1c4ce5f6c9218d377e5427243c7162bbe","contentHash":"1bc8b925ebd379a5ad780c9986fe0ad6_11.3.0"},"/Users/scott/trailpack-proxy-router/index.js":{"path":"/Users/scott/trailpack-proxy-router/index.js","statementMap":{"0":{"start":{"line":3,"column":18},"end":{"line":3,"column":38}},"1":{"start":{"line":4,"column":10},"end":{"line":4,"column":27}},"2":{"start":{"line":5,"column":12},"end":{"line":5,"column":28}},"3":{"start":{"line":7,"column":0},"end":{"line":90,"column":1}},"4":{"start":{"line":13,"column":4},"end":{"line":15,"column":5}},"5":{"start":{"line":14,"column":6},"end":{"line":14,"column":91}},"6":{"start":{"line":17,"column":4},"end":{"line":19,"column":5}},"7":{"start":{"line":18,"column":6},"end":{"line":18,"column":109}},"8":{"start":{"line":21,"column":4},"end":{"line":23,"column":5}},"9":{"start":{"line":22,"column":6},"end":{"line":22,"column":89}},"10":{"start":{"line":25,"column":4},"end":{"line":27,"column":5}},"11":{"start":{"line":26,"column":6},"end":{"line":26,"column":91}},"12":{"start":{"line":29,"column":4},"end":{"line":31,"column":5}},"13":{"start":{"line":30,"column":6},"end":{"line":30,"column":87}},"14":{"start":{"line":33,"column":4},"end":{"line":35,"column":5}},"15":{"start":{"line":34,"column":6},"end":{"line":34,"column":87}},"16":{"start":{"line":37,"column":4},"end":{"line":39,"column":5}},"17":{"start":{"line":38,"column":6},"end":{"line":38,"column":89}},"18":{"start":{"line":41,"column":4},"end":{"line":47,"column":5}},"19":{"start":{"line":46,"column":6},"end":{"line":46,"column":127}},"20":{"start":{"line":49,"column":4},"end":{"line":53,"column":6}},"21":{"start":{"line":60,"column":4},"end":{"line":69,"column":6}},"22":{"start":{"line":76,"column":4},"end":{"line":80,"column":6}},"23":{"start":{"line":84,"column":4},"end":{"line":88,"column":6}}},"fnMap":{"0":{"name":"(anonymous_0)","decl":{"start":{"line":12,"column":2},"end":{"line":12,"column":3}},"loc":{"start":{"line":12,"column":14},"end":{"line":54,"column":3}},"line":12},"1":{"name":"(anonymous_1)","decl":{"start":{"line":59,"column":2},"end":{"line":59,"column":3}},"loc":{"start":{"line":59,"column":15},"end":{"line":70,"column":3}},"line":59},"2":{"name":"(anonymous_2)","decl":{"start":{"line":75,"column":2},"end":{"line":75,"column":3}},"loc":{"start":{"line":75,"column":16},"end":{"line":81,"column":3}},"line":75},"3":{"name":"(anonymous_3)","decl":{"start":{"line":83,"column":2},"end":{"line":83,"column":3}},"loc":{"start":{"line":83,"column":20},"end":{"line":89,"column":3}},"line":83}},"branchMap":{"0":{"loc":{"start":{"line":13,"column":4},"end":{"line":15,"column":5}},"type":"if","locations":[{"start":{"line":13,"column":4},"end":{"line":15,"column":5}},{"start":{"line":13,"column":4},"end":{"line":15,"column":5}}],"line":13},"1":{"loc":{"start":{"line":17,"column":4},"end":{"line":19,"column":5}},"type":"if","locations":[{"start":{"line":17,"column":4},"end":{"line":19,"column":5}},{"start":{"line":17,"column":4},"end":{"line":19,"column":5}}],"line":17},"2":{"loc":{"start":{"line":21,"column":4},"end":{"line":23,"column":5}},"type":"if","locations":[{"start":{"line":21,"column":4},"end":{"line":23,"column":5}},{"start":{"line":21,"column":4},"end":{"line":23,"column":5}}],"line":21},"3":{"loc":{"start":{"line":25,"column":4},"end":{"line":27,"column":5}},"type":"if","locations":[{"start":{"line":25,"column":4},"end":{"line":27,"column":5}},{"start":{"line":25,"column":4},"end":{"line":27,"column":5}}],"line":25},"4":{"loc":{"start":{"line":29,"column":4},"end":{"line":31,"column":5}},"type":"if","locations":[{"start":{"line":29,"column":4},"end":{"line":31,"column":5}},{"start":{"line":29,"column":4},"end":{"line":31,"column":5}}],"line":29},"5":{"loc":{"start":{"line":33,"column":4},"end":{"line":35,"column":5}},"type":"if","locations":[{"start":{"line":33,"column":4},"end":{"line":35,"column":5}},{"start":{"line":33,"column":4},"end":{"line":35,"column":5}}],"line":33},"6":{"loc":{"start":{"line":37,"column":4},"end":{"line":39,"column":5}},"type":"if","locations":[{"start":{"line":37,"column":4},"end":{"line":39,"column":5}},{"start":{"line":37,"column":4},"end":{"line":39,"column":5}}],"line":37},"7":{"loc":{"start":{"line":41,"column":4},"end":{"line":47,"column":5}},"type":"if","locations":[{"start":{"line":41,"column":4},"end":{"line":47,"column":5}},{"start":{"line":41,"column":4},"end":{"line":47,"column":5}}],"line":41},"8":{"loc":{"start":{"line":42,"column":6},"end":{"line":44,"column":84}},"type":"binary-expr","locations":[{"start":{"line":42,"column":6},"end":{"line":42,"column":30}},{"start":{"line":43,"column":9},"end":{"line":43,"column":38}},{"start":{"line":44,"column":9},"end":{"line":44,"column":84}}],"line":42}},"s":{"0":1,"1":1,"2":1,"3":1,"4":1,"5":0,"6":1,"7":0,"8":1,"9":0,"10":1,"11":0,"12":1,"13":0,"14":1,"15":0,"16":1,"17":0,"18":1,"19":0,"20":1,"21":1,"22":1,"23":1},"f":{"0":1,"1":1,"2":1,"3":1},"b":{"0":[0,1],"1":[0,1],"2":[0,1],"3":[0,1],"4":[0,1],"5":[0,1],"6":[0,1],"7":[0,1],"8":[1,1,0]},"_coverageSchema":"332fd63041d2c1bcb487cc26dd0d5f7d97098a6c","hash":"c4d86ca23a08de81c341145454d7b89c2c925915","contentHash":"388af95ea118a35f70e9112a1c380bba_11.3.0"},"/Users/scott/trailpack-proxy-router/config/index.js":{"path":"/Users/scott/trailpack-proxy-router/config/index.js","statementMap":{"0":{"start":{"line":1,"column":0},"end":{"line":1,"column":42}},"1":{"start":{"line":2,"column":0},"end":{"line":2,"column":46}}},"fnMap":{},"branchMap":{},"s":{"0":1,"1":1},"f":{},"b":{},"_coverageSchema":"332fd63041d2c1bcb487cc26dd0d5f7d97098a6c","hash":"de901206348adc3874dd48e332e05a91fc9be370","contentHash":"7d006f21018d48ca8aa84d93bafebaba_11.3.0"},"/Users/scott/trailpack-proxy-router/config/trailpack.js":{"path":"/Users/scott/trailpack-proxy-router/config/trailpack.js","statementMap":{"0":{"start":{"line":6,"column":0},"end":{"line":43,"column":1}}},"fnMap":{},"branchMap":{},"s":{"0":1},"f":{},"b":{},"_coverageSchema":"332fd63041d2c1bcb487cc26dd0d5f7d97098a6c","hash":"3680130c24923afa4c76357cadc3b0914f4e99ac","contentHash":"63acc7ea3e9868c975f322b4a24db6a9_11.3.0"},"/Users/scott/trailpack-proxy-router/config/proxyRouter.js":{"path":"/Users/scott/trailpack-proxy-router/config/proxyRouter.js","statementMap":{"0":{"start":{"line":6,"column":0},"end":{"line":44,"column":1}}},"fnMap":{},"branchMap":{},"s":{"0":1},"f":{},"b":{},"_coverageSchema":"332fd63041d2c1bcb487cc26dd0d5f7d97098a6c","hash":"327ff399ee6ad1a9da3a333c3cfe744b4c501fc6","contentHash":"5c8ee309f6bf2c868c2e8111ceff6083_11.3.0"},"/Users/scott/trailpack-proxy-router/api/index.js":{"path":"/Users/scott/trailpack-proxy-router/api/index.js","statementMap":{"0":{"start":{"line":1,"column":0},"end":{"line":1,"column":36}},"1":{"start":{"line":2,"column":0},"end":{"line":2,"column":40}},"2":{"start":{"line":3,"column":0},"end":{"line":3,"column":46}},"3":{"start":{"line":4,"column":0},"end":{"line":4,"column":40}},"4":{"start":{"line":5,"column":0},"end":{"line":5,"column":34}},"5":{"start":{"line":6,"column":0},"end":{"line":6,"column":36}},"6":{"start":{"line":7,"column":0},"end":{"line":7,"column":40}},"7":{"start":{"line":8,"column":0},"end":{"line":8,"column":34}}},"fnMap":{},"branchMap":{},"s":{"0":1,"1":1,"2":1,"3":1,"4":1,"5":1,"6":1,"7":1},"f":{},"b":{},"_coverageSchema":"332fd63041d2c1bcb487cc26dd0d5f7d97098a6c","hash":"2a129fef69f7b09957ebe27a694952600c27b1a6","contentHash":"3afe216dc1fb0eea71f236585baeb101_11.3.0"},"/Users/scott/trailpack-proxy-router/api/models/index.js":{"path":"/Users/scott/trailpack-proxy-router/api/models/index.js","statementMap":{"0":{"start":{"line":1,"column":0},"end":{"line":1,"column":34}},"1":{"start":{"line":2,"column":0},"end":{"line":2,"column":50}},"2":{"start":{"line":3,"column":0},"end":{"line":3,"column":48}}},"fnMap":{},"branchMap":{},"s":{"0":1,"1":1,"2":1},"f":{},"b":{},"_coverageSchema":"332fd63041d2c1bcb487cc26dd0d5f7d97098a6c","hash":"e44d28dd9009ae1dbe0b5f2a3574e544e2b6f946","contentHash":"7624e776194e1edef6922ec2aa8d3e1f_11.3.0"},"/Users/scott/trailpack-proxy-router/api/models/Route.js":{"path":"/Users/scott/trailpack-proxy-router/api/models/Route.js","statementMap":{"0":{"start":{"line":4,"column":14},"end":{"line":4,"column":37}},"1":{"start":{"line":5,"column":16},"end":{"line":5,"column":47}},"2":{"start":{"line":11,"column":0},"end":{"line":97,"column":1}},"3":{"start":{"line":14,"column":4},"end":{"line":34,"column":5}},"4":{"start":{"line":22,"column":12},"end":{"line":30,"column":14}},"5":{"start":{"line":38,"column":4},"end":{"line":95,"column":5}}},"fnMap":{"0":{"name":"(anonymous_0)","decl":{"start":{"line":13,"column":2},"end":{"line":13,"column":3}},"loc":{"start":{"line":13,"column":32},"end":{"line":35,"column":3}},"line":13},"1":{"name":"(anonymous_1)","decl":{"start":{"line":21,"column":21},"end":{"line":21,"column":22}},"loc":{"start":{"line":21,"column":33},"end":{"line":31,"column":11}},"line":21},"2":{"name":"(anonymous_2)","decl":{"start":{"line":37,"column":2},"end":{"line":37,"column":3}},"loc":{"start":{"line":37,"column":32},"end":{"line":96,"column":3}},"line":37}},"branchMap":{},"s":{"0":1,"1":1,"2":1,"3":8,"4":1,"5":1},"f":{"0":8,"1":1,"2":1},"b":{},"_coverageSchema":"332fd63041d2c1bcb487cc26dd0d5f7d97098a6c","hash":"2ec2dcf45f27dd515d7a9488d0ffd592374118a6","contentHash":"593b46e441e37fa31f3b31f897d58fb0_11.3.0"},"/Users/scott/trailpack-proxy-router/api/models/RouteDocument.js":{"path":"/Users/scott/trailpack-proxy-router/api/models/RouteDocument.js","statementMap":{"0":{"start":{"line":4,"column":14},"end":{"line":4,"column":37}},"1":{"start":{"line":5,"column":10},"end":{"line":5,"column":27}},"2":{"start":{"line":6,"column":15},"end":{"line":6,"column":47}},"3":{"start":{"line":7,"column":16},"end":{"line":7,"column":47}},"4":{"start":{"line":13,"column":0},"end":{"line":111,"column":1}},"5":{"start":{"line":16,"column":4},"end":{"line":53,"column":5}},"6":{"start":{"line":28,"column":12},"end":{"line":37,"column":14}},"7":{"start":{"line":44,"column":12},"end":{"line":44,"column":16}},"8":{"start":{"line":49,"column":12},"end":{"line":49,"column":16}},"9":{"start":{"line":57,"column":4},"end":{"line":109,"column":5}}},"fnMap":{"0":{"name":"(anonymous_0)","decl":{"start":{"line":15,"column":2},"end":{"line":15,"column":3}},"loc":{"start":{"line":15,"column":33},"end":{"line":54,"column":3}},"line":15},"1":{"name":"(anonymous_1)","decl":{"start":{"line":27,"column":21},"end":{"line":27,"column":22}},"loc":{"start":{"line":27,"column":33},"end":{"line":38,"column":11}},"line":27},"2":{"name":"(anonymous_2)","decl":{"start":{"line":42,"column":23},"end":{"line":42,"column":24}},"loc":{"start":{"line":42,"column":48},"end":{"line":45,"column":11}},"line":42},"3":{"name":"(anonymous_3)","decl":{"start":{"line":47,"column":23},"end":{"line":47,"column":24}},"loc":{"start":{"line":47,"column":48},"end":{"line":50,"column":11}},"line":47},"4":{"name":"(anonymous_4)","decl":{"start":{"line":56,"column":2},"end":{"line":56,"column":3}},"loc":{"start":{"line":56,"column":33},"end":{"line":110,"column":3}},"line":56}},"branchMap":{},"s":{"0":1,"1":1,"2":1,"3":1,"4":1,"5":8,"6":1,"7":0,"8":0,"9":1},"f":{"0":8,"1":1,"2":0,"3":0,"4":1},"b":{},"_coverageSchema":"332fd63041d2c1bcb487cc26dd0d5f7d97098a6c","hash":"4fdb060e17068ea468e3d8cc6c1d31128bb8b967","contentHash":"85f02f1c3df5f2d91f2a294497eca1b0_11.3.0"},"/Users/scott/trailpack-proxy-router/api/utils/enums.js":{"path":"/Users/scott/trailpack-proxy-router/api/utils/enums.js","statementMap":{"0":{"start":{"line":3,"column":0},"end":{"line":62,"column":1}}},"fnMap":{},"branchMap":{},"s":{"0":1},"f":{},"b":{},"_coverageSchema":"332fd63041d2c1bcb487cc26dd0d5f7d97098a6c","hash":"933dd62196b0c4538f8fb89627bdcbe63a3e4daf","contentHash":"5aee9263c70725de56a48666e039f2d5_11.3.0"},"/Users/scott/trailpack-proxy-router/api/models/RouteControl.js":{"path":"/Users/scott/trailpack-proxy-router/api/models/RouteControl.js","statementMap":{"0":{"start":{"line":3,"column":14},"end":{"line":3,"column":37}},"1":{"start":{"line":10,"column":0},"end":{"line":60,"column":1}},"2":{"start":{"line":13,"column":4},"end":{"line":44,"column":5}},"3":{"start":{"line":21,"column":12},"end":{"line":40,"column":14}},"4":{"start":{"line":48,"column":4},"end":{"line":58,"column":5}}},"fnMap":{"0":{"name":"(anonymous_0)","decl":{"start":{"line":12,"column":2},"end":{"line":12,"column":3}},"loc":{"start":{"line":12,"column":33},"end":{"line":45,"column":3}},"line":12},"1":{"name":"(anonymous_1)","decl":{"start":{"line":20,"column":21},"end":{"line":20,"column":22}},"loc":{"start":{"line":20,"column":33},"end":{"line":41,"column":11}},"line":20},"2":{"name":"(anonymous_2)","decl":{"start":{"line":47,"column":2},"end":{"line":47,"column":3}},"loc":{"start":{"line":47,"column":33},"end":{"line":59,"column":3}},"line":47}},"branchMap":{},"s":{"0":1,"1":1,"2":8,"3":1,"4":1},"f":{"0":8,"1":1,"2":1},"b":{},"_coverageSchema":"332fd63041d2c1bcb487cc26dd0d5f7d97098a6c","hash":"3121c392d698c5854df624a3b8e9b93299467b9d","contentHash":"e74497c9d6981d7836f8796f08ea2bee_11.3.0"},"/Users/scott/trailpack-proxy-router/api/policies/index.js":{"path":"/Users/scott/trailpack-proxy-router/api/policies/index.js","statementMap":{"0":{"start":{"line":1,"column":0},"end":{"line":1,"column":46}}},"fnMap":{},"branchMap":{},"s":{"0":1},"f":{},"b":{},"_coverageSchema":"332fd63041d2c1bcb487cc26dd0d5f7d97098a6c","hash":"d3361addef34035cab4937da3bfc8f64bd1ad13c","contentHash":"17136ee6c0193ffdd36c84431084e872_11.3.0"},"/Users/scott/trailpack-proxy-router/api/policies/ProxyRouter.js":{"path":"/Users/scott/trailpack-proxy-router/api/policies/ProxyRouter.js","statementMap":{"0":{"start":{"line":2,"column":10},"end":{"line":2,"column":27}},"1":{"start":{"line":3,"column":15},"end":{"line":3,"column":39}},"2":{"start":{"line":9,"column":0},"end":{"line":67,"column":1}},"3":{"start":{"line":11,"column":26},"end":{"line":11,"column":57}},"4":{"start":{"line":12,"column":4},"end":{"line":65,"column":5}},"5":{"start":{"line":14,"column":17},"end":{"line":14,"column":33}},"6":{"start":{"line":18,"column":6},"end":{"line":59,"column":10}},"7":{"start":{"line":20,"column":10},"end":{"line":30,"column":11}},"8":{"start":{"line":22,"column":12},"end":{"line":22,"column":35}},"9":{"start":{"line":23,"column":12},"end":{"line":23,"column":27}},"10":{"start":{"line":24,"column":12},"end":{"line":24,"column":59}},"11":{"start":{"line":26,"column":12},"end":{"line":26,"column":25}},"12":{"start":{"line":29,"column":12},"end":{"line":29,"column":18}},"13":{"start":{"line":34,"column":10},"end":{"line":34,"column":27}},"14":{"start":{"line":36,"column":10},"end":{"line":36,"column":53}},"15":{"start":{"line":40,"column":10},"end":{"line":40,"column":39}},"16":{"start":{"line":42,"column":10},"end":{"line":42,"column":79}},"17":{"start":{"line":44,"column":10},"end":{"line":44,"column":33}},"18":{"start":{"line":45,"column":10},"end":{"line":45,"column":25}},"19":{"start":{"line":46,"column":10},"end":{"line":46,"column":57}},"20":{"start":{"line":47,"column":10},"end":{"line":47,"column":23}},"21":{"start":{"line":51,"column":10},"end":{"line":51,"column":33}},"22":{"start":{"line":52,"column":10},"end":{"line":52,"column":25}},"23":{"start":{"line":53,"column":10},"end":{"line":53,"column":57}},"24":{"start":{"line":54,"column":10},"end":{"line":54,"column":33}},"25":{"start":{"line":56,"column":10},"end":{"line":56,"column":33}},"26":{"start":{"line":58,"column":10},"end":{"line":58,"column":23}},"27":{"start":{"line":63,"column":6},"end":{"line":63,"column":29}},"28":{"start":{"line":64,"column":6},"end":{"line":64,"column":12}}},"fnMap":{"0":{"name":"(anonymous_0)","decl":{"start":{"line":10,"column":2},"end":{"line":10,"column":3}},"loc":{"start":{"line":10,"column":30},"end":{"line":66,"column":3}},"line":10},"1":{"name":"(anonymous_1)","decl":{"start":{"line":19,"column":14},"end":{"line":19,"column":15}},"loc":{"start":{"line":19,"column":23},"end":{"line":31,"column":9}},"line":19},"2":{"name":"(anonymous_2)","decl":{"start":{"line":32,"column":14},"end":{"line":32,"column":15}},"loc":{"start":{"line":32,"column":23},"end":{"line":37,"column":9}},"line":32},"3":{"name":"(anonymous_3)","decl":{"start":{"line":38,"column":14},"end":{"line":38,"column":15}},"loc":{"start":{"line":38,"column":29},"end":{"line":48,"column":9}},"line":38},"4":{"name":"(anonymous_4)","decl":{"start":{"line":49,"column":15},"end":{"line":49,"column":16}},"loc":{"start":{"line":49,"column":24},"end":{"line":59,"column":9}},"line":49}},"branchMap":{"0":{"loc":{"start":{"line":12,"column":4},"end":{"line":65,"column":5}},"type":"if","locations":[{"start":{"line":12,"column":4},"end":{"line":65,"column":5}},{"start":{"line":12,"column":4},"end":{"line":65,"column":5}}],"line":12},"1":{"loc":{"start":{"line":20,"column":10},"end":{"line":30,"column":11}},"type":"if","locations":[{"start":{"line":20,"column":10},"end":{"line":30,"column":11}},{"start":{"line":20,"column":10},"end":{"line":30,"column":11}}],"line":20}},"s":{"0":1,"1":1,"2":1,"3":0,"4":0,"5":0,"6":0,"7":0,"8":0,"9":0,"10":0,"11":0,"12":0,"13":0,"14":0,"15":0,"16":0,"17":0,"18":0,"19":0,"20":0,"21":0,"22":0,"23":0,"24":0,"25":0,"26":0,"27":0,"28":0},"f":{"0":0,"1":0,"2":0,"3":0,"4":0},"b":{"0":[0,0],"1":[0,0]},"_coverageSchema":"332fd63041d2c1bcb487cc26dd0d5f7d97098a6c","hash":"a7e5fc3c349e87b9752091d1d9407f8e79607e38","contentHash":"f622465f1104b153ff70ff0765c62d73_11.3.0"},"/Users/scott/trailpack-proxy-router/api/controllers/index.js":{"path":"/Users/scott/trailpack-proxy-router/api/controllers/index.js","statementMap":{"0":{"start":{"line":1,"column":0},"end":{"line":1,"column":54}}},"fnMap":{},"branchMap":{},"s":{"0":1},"f":{},"b":{},"_coverageSchema":"332fd63041d2c1bcb487cc26dd0d5f7d97098a6c","hash":"e39ed24de29d94c86096e8c876045100a217b087","contentHash":"b3cf4b7b8bd27b80cb3d565962fe2e34_11.3.0"},"/Users/scott/trailpack-proxy-router/api/controllers/RouteController.js":{"path":"/Users/scott/trailpack-proxy-router/api/controllers/RouteController.js","statementMap":{"0":{"start":{"line":4,"column":19},"end":{"line":4,"column":47}},"1":{"start":{"line":5,"column":12},"end":{"line":5,"column":32}},"2":{"start":{"line":11,"column":0},"end":{"line":202,"column":1}},"3":{"start":{"line":19,"column":4},"end":{"line":31,"column":5}},"4":{"start":{"line":20,"column":6},"end":{"line":27,"column":7}},"5":{"start":{"line":21,"column":8},"end":{"line":21,"column":40}},"6":{"start":{"line":24,"column":8},"end":{"line":24,"column":57}},"7":{"start":{"line":25,"column":8},"end":{"line":25,"column":43}},"8":{"start":{"line":26,"column":8},"end":{"line":26,"column":24}},"9":{"start":{"line":30,"column":6},"end":{"line":30,"column":32}},"10":{"start":{"line":39,"column":28},"end":{"line":39,"column":61}},"11":{"start":{"line":40,"column":4},"end":{"line":46,"column":8}},"12":{"start":{"line":42,"column":8},"end":{"line":42,"column":34}},"13":{"start":{"line":45,"column":8},"end":{"line":45,"column":45}},"14":{"start":{"line":56,"column":28},"end":{"line":56,"column":61}},"15":{"start":{"line":57,"column":4},"end":{"line":63,"column":8}},"16":{"start":{"line":59,"column":8},"end":{"line":59,"column":34}},"17":{"start":{"line":62,"column":8},"end":{"line":62,"column":45}},"18":{"start":{"line":72,"column":26},"end":{"line":72,"column":57}},"19":{"start":{"line":73,"column":4},"end":{"line":83,"column":8}},"20":{"start":{"line":75,"column":8},"end":{"line":75,"column":46}},"21":{"start":{"line":78,"column":8},"end":{"line":78,"column":29}},"22":{"start":{"line":82,"column":8},"end":{"line":82,"column":35}},"23":{"start":{"line":92,"column":26},"end":{"line":92,"column":57}},"24":{"start":{"line":93,"column":4},"end":{"line":102,"column":8}},"25":{"start":{"line":95,"column":8},"end":{"line":95,"column":47}},"26":{"start":{"line":98,"column":8},"end":{"line":98,"column":29}},"27":{"start":{"line":101,"column":8},"end":{"line":101,"column":35}},"28":{"start":{"line":111,"column":26},"end":{"line":111,"column":57}},"29":{"start":{"line":112,"column":4},"end":{"line":121,"column":8}},"30":{"start":{"line":114,"column":8},"end":{"line":114,"column":49}},"31":{"start":{"line":117,"column":8},"end":{"line":117,"column":29}},"32":{"start":{"line":120,"column":8},"end":{"line":120,"column":35}},"33":{"start":{"line":130,"column":26},"end":{"line":130,"column":57}},"34":{"start":{"line":131,"column":4},"end":{"line":140,"column":8}},"35":{"start":{"line":133,"column":8},"end":{"line":133,"column":48}},"36":{"start":{"line":136,"column":8},"end":{"line":136,"column":29}},"37":{"start":{"line":139,"column":8},"end":{"line":139,"column":35}},"38":{"start":{"line":149,"column":26},"end":{"line":149,"column":57}},"39":{"start":{"line":150,"column":4},"end":{"line":159,"column":8}},"40":{"start":{"line":152,"column":8},"end":{"line":152,"column":51}},"41":{"start":{"line":155,"column":8},"end":{"line":155,"column":29}},"42":{"start":{"line":158,"column":8},"end":{"line":158,"column":35}},"43":{"start":{"line":168,"column":26},"end":{"line":168,"column":57}},"44":{"start":{"line":169,"column":4},"end":{"line":178,"column":8}},"45":{"start":{"line":171,"column":8},"end":{"line":171,"column":49}},"46":{"start":{"line":174,"column":8},"end":{"line":174,"column":29}},"47":{"start":{"line":177,"column":8},"end":{"line":177,"column":35}},"48":{"start":{"line":186,"column":34},"end":{"line":186,"column":73}},"49":{"start":{"line":189,"column":17},"end":{"line":189,"column":31}},"50":{"start":{"line":191,"column":4},"end":{"line":200,"column":8}},"51":{"start":{"line":193,"column":8},"end":{"line":193,"column":52}},"52":{"start":{"line":196,"column":8},"end":{"line":196,"column":29}},"53":{"start":{"line":199,"column":8},"end":{"line":199,"column":35}}},"fnMap":{"0":{"name":"(anonymous_0)","decl":{"start":{"line":18,"column":2},"end":{"line":18,"column":3}},"loc":{"start":{"line":18,"column":17},"end":{"line":32,"column":3}},"line":18},"1":{"name":"(anonymous_1)","decl":{"start":{"line":38,"column":2},"end":{"line":38,"column":3}},"loc":{"start":{"line":38,"column":22},"end":{"line":48,"column":3}},"line":38},"2":{"name":"(anonymous_2)","decl":{"start":{"line":41,"column":12},"end":{"line":41,"column":13}},"loc":{"start":{"line":41,"column":16},"end":{"line":43,"column":7}},"line":41},"3":{"name":"(anonymous_3)","decl":{"start":{"line":44,"column":13},"end":{"line":44,"column":14}},"loc":{"start":{"line":44,"column":20},"end":{"line":46,"column":7}},"line":44},"4":{"name":"(anonymous_4)","decl":{"start":{"line":55,"column":2},"end":{"line":55,"column":3}},"loc":{"start":{"line":55,"column":22},"end":{"line":64,"column":3}},"line":55},"5":{"name":"(anonymous_5)","decl":{"start":{"line":58,"column":12},"end":{"line":58,"column":13}},"loc":{"start":{"line":58,"column":16},"end":{"line":60,"column":7}},"line":58},"6":{"name":"(anonymous_6)","decl":{"start":{"line":61,"column":13},"end":{"line":61,"column":14}},"loc":{"start":{"line":61,"column":20},"end":{"line":63,"column":7}},"line":61},"7":{"name":"(anonymous_7)","decl":{"start":{"line":71,"column":2},"end":{"line":71,"column":3}},"loc":{"start":{"line":71,"column":20},"end":{"line":84,"column":3}},"line":71},"8":{"name":"(anonymous_8)","decl":{"start":{"line":74,"column":12},"end":{"line":74,"column":13}},"loc":{"start":{"line":74,"column":22},"end":{"line":76,"column":7}},"line":74},"9":{"name":"(anonymous_9)","decl":{"start":{"line":77,"column":12},"end":{"line":77,"column":13}},"loc":{"start":{"line":77,"column":20},"end":{"line":79,"column":7}},"line":77},"10":{"name":"(anonymous_10)","decl":{"start":{"line":80,"column":13},"end":{"line":80,"column":14}},"loc":{"start":{"line":80,"column":20},"end":{"line":83,"column":7}},"line":80},"11":{"name":"(anonymous_11)","decl":{"start":{"line":91,"column":2},"end":{"line":91,"column":3}},"loc":{"start":{"line":91,"column":21},"end":{"line":103,"column":3}},"line":91},"12":{"name":"(anonymous_12)","decl":{"start":{"line":94,"column":12},"end":{"line":94,"column":13}},"loc":{"start":{"line":94,"column":22},"end":{"line":96,"column":7}},"line":94},"13":{"name":"(anonymous_13)","decl":{"start":{"line":97,"column":12},"end":{"line":97,"column":13}},"loc":{"start":{"line":97,"column":20},"end":{"line":99,"column":7}},"line":97},"14":{"name":"(anonymous_14)","decl":{"start":{"line":100,"column":13},"end":{"line":100,"column":14}},"loc":{"start":{"line":100,"column":20},"end":{"line":102,"column":7}},"line":100},"15":{"name":"(anonymous_15)","decl":{"start":{"line":110,"column":2},"end":{"line":110,"column":3}},"loc":{"start":{"line":110,"column":23},"end":{"line":122,"column":3}},"line":110},"16":{"name":"(anonymous_16)","decl":{"start":{"line":113,"column":12},"end":{"line":113,"column":13}},"loc":{"start":{"line":113,"column":22},"end":{"line":115,"column":7}},"line":113},"17":{"name":"(anonymous_17)","decl":{"start":{"line":116,"column":12},"end":{"line":116,"column":13}},"loc":{"start":{"line":116,"column":20},"end":{"line":118,"column":7}},"line":116},"18":{"name":"(anonymous_18)","decl":{"start":{"line":119,"column":13},"end":{"line":119,"column":14}},"loc":{"start":{"line":119,"column":20},"end":{"line":121,"column":7}},"line":119},"19":{"name":"(anonymous_19)","decl":{"start":{"line":129,"column":2},"end":{"line":129,"column":3}},"loc":{"start":{"line":129,"column":22},"end":{"line":141,"column":3}},"line":129},"20":{"name":"(anonymous_20)","decl":{"start":{"line":132,"column":12},"end":{"line":132,"column":13}},"loc":{"start":{"line":132,"column":22},"end":{"line":134,"column":7}},"line":132},"21":{"name":"(anonymous_21)","decl":{"start":{"line":135,"column":12},"end":{"line":135,"column":13}},"loc":{"start":{"line":135,"column":20},"end":{"line":137,"column":7}},"line":135},"22":{"name":"(anonymous_22)","decl":{"start":{"line":138,"column":13},"end":{"line":138,"column":14}},"loc":{"start":{"line":138,"column":20},"end":{"line":140,"column":7}},"line":138},"23":{"name":"(anonymous_23)","decl":{"start":{"line":148,"column":2},"end":{"line":148,"column":3}},"loc":{"start":{"line":148,"column":25},"end":{"line":160,"column":3}},"line":148},"24":{"name":"(anonymous_24)","decl":{"start":{"line":151,"column":12},"end":{"line":151,"column":13}},"loc":{"start":{"line":151,"column":22},"end":{"line":153,"column":7}},"line":151},"25":{"name":"(anonymous_25)","decl":{"start":{"line":154,"column":12},"end":{"line":154,"column":13}},"loc":{"start":{"line":154,"column":20},"end":{"line":156,"column":7}},"line":154},"26":{"name":"(anonymous_26)","decl":{"start":{"line":157,"column":13},"end":{"line":157,"column":14}},"loc":{"start":{"line":157,"column":20},"end":{"line":159,"column":7}},"line":157},"27":{"name":"(anonymous_27)","decl":{"start":{"line":167,"column":2},"end":{"line":167,"column":3}},"loc":{"start":{"line":167,"column":23},"end":{"line":179,"column":3}},"line":167},"28":{"name":"(anonymous_28)","decl":{"start":{"line":170,"column":12},"end":{"line":170,"column":13}},"loc":{"start":{"line":170,"column":22},"end":{"line":172,"column":7}},"line":170},"29":{"name":"(anonymous_29)","decl":{"start":{"line":173,"column":12},"end":{"line":173,"column":13}},"loc":{"start":{"line":173,"column":20},"end":{"line":175,"column":7}},"line":173},"30":{"name":"(anonymous_30)","decl":{"start":{"line":176,"column":13},"end":{"line":176,"column":14}},"loc":{"start":{"line":176,"column":20},"end":{"line":178,"column":7}},"line":176},"31":{"name":"(anonymous_31)","decl":{"start":{"line":185,"column":2},"end":{"line":185,"column":3}},"loc":{"start":{"line":185,"column":20},"end":{"line":201,"column":3}},"line":185},"32":{"name":"(anonymous_32)","decl":{"start":{"line":192,"column":12},"end":{"line":192,"column":13}},"loc":{"start":{"line":192,"column":22},"end":{"line":194,"column":7}},"line":192},"33":{"name":"(anonymous_33)","decl":{"start":{"line":195,"column":12},"end":{"line":195,"column":13}},"loc":{"start":{"line":195,"column":20},"end":{"line":197,"column":7}},"line":195},"34":{"name":"(anonymous_34)","decl":{"start":{"line":198,"column":13},"end":{"line":198,"column":14}},"loc":{"start":{"line":198,"column":20},"end":{"line":200,"column":7}},"line":198}},"branchMap":{"0":{"loc":{"start":{"line":19,"column":4},"end":{"line":31,"column":5}},"type":"if","locations":[{"start":{"line":19,"column":4},"end":{"line":31,"column":5}},{"start":{"line":19,"column":4},"end":{"line":31,"column":5}}],"line":19},"1":{"loc":{"start":{"line":20,"column":6},"end":{"line":27,"column":7}},"type":"if","locations":[{"start":{"line":20,"column":6},"end":{"line":27,"column":7}},{"start":{"line":20,"column":6},"end":{"line":27,"column":7}}],"line":20}},"s":{"0":1,"1":1,"2":1,"3":7,"4":7,"5":2,"6":5,"7":5,"8":5,"9":0,"10":1,"11":1,"12":1,"13":0,"14":1,"15":1,"16":1,"17":0,"18":3,"19":3,"20":2,"21":1,"22":2,"23":2,"24":2,"25":2,"26":1,"27":1,"28":1,"29":1,"30":1,"31":1,"32":0,"33":2,"34":2,"35":1,"36":1,"37":1,"38":2,"39":2,"40":1,"41":1,"42":1,"43":2,"44":2,"45":1,"46":1,"47":1,"48":4,"49":4,"50":4,"51":2,"52":2,"53":2},"f":{"0":7,"1":1,"2":1,"3":0,"4":1,"5":1,"6":0,"7":3,"8":2,"9":1,"10":2,"11":2,"12":2,"13":1,"14":1,"15":1,"16":1,"17":1,"18":0,"19":2,"20":1,"21":1,"22":1,"23":2,"24":1,"25":1,"26":1,"27":2,"28":1,"29":1,"30":1,"31":4,"32":2,"33":2,"34":2},"b":{"0":[7,0],"1":[2,5]},"_coverageSchema":"332fd63041d2c1bcb487cc26dd0d5f7d97098a6c","hash":"fce4369e3a70f264bd380c7cee6113b0fa7a8739","contentHash":"cad8e3cdbddbed3e0d6e3fe84573c7a0_11.3.0"},"/Users/scott/trailpack-proxy-router/api/services/index.js":{"path":"/Users/scott/trailpack-proxy-router/api/services/index.js","statementMap":{"0":{"start":{"line":1,"column":0},"end":{"line":1,"column":54}},"1":{"start":{"line":2,"column":0},"end":{"line":2,"column":54}},"2":{"start":{"line":3,"column":0},"end":{"line":3,"column":66}},"3":{"start":{"line":4,"column":0},"end":{"line":4,"column":50}},"4":{"start":{"line":5,"column":0},"end":{"line":5,"column":58}},"5":{"start":{"line":6,"column":0},"end":{"line":6,"column":64}}},"fnMap":{},"branchMap":{},"s":{"0":1,"1":1,"2":1,"3":1,"4":1,"5":1},"f":{},"b":{},"_coverageSchema":"332fd63041d2c1bcb487cc26dd0d5f7d97098a6c","hash":"d1e5533ca579397fbbb3117f7e6b1c57e3c9de8d","contentHash":"e8681138ee720d9b6c9fcf1b3b4a2d3f_11.3.0"},"/Users/scott/trailpack-proxy-router/api/services/RouterDBService.js":{"path":"/Users/scott/trailpack-proxy-router/api/services/RouterDBService.js","statementMap":{"0":{"start":{"line":4,"column":16},"end":{"line":4,"column":41}},"1":{"start":{"line":5,"column":10},"end":{"line":5,"column":27}},"2":{"start":{"line":10,"column":0},"end":{"line":117,"column":1}},"3":{"start":{"line":17,"column":4},"end":{"line":17,"column":28}},"4":{"start":{"line":26,"column":19},"end":{"line":26,"column":110}},"5":{"start":{"line":27,"column":16},"end":{"line":27,"column":52}},"6":{"start":{"line":29,"column":4},"end":{"line":29,"column":104}},"7":{"start":{"line":33,"column":4},"end":{"line":37,"column":6}},"8":{"start":{"line":48,"column":29},"end":{"line":48,"column":63}},"9":{"start":{"line":49,"column":4},"end":{"line":51,"column":6}},"10":{"start":{"line":55,"column":4},"end":{"line":55,"column":32}},"11":{"start":{"line":65,"column":29},"end":{"line":65,"column":63}},"12":{"start":{"line":66,"column":19},"end":{"line":66,"column":21}},"13":{"start":{"line":67,"column":4},"end":{"line":69,"column":6}},"14":{"start":{"line":68,"column":6},"end":{"line":68,"column":23}},"15":{"start":{"line":70,"column":4},"end":{"line":70,"column":70}},"16":{"start":{"line":74,"column":4},"end":{"line":74,"column":32}},"17":{"start":{"line":84,"column":29},"end":{"line":84,"column":63}},"18":{"start":{"line":85,"column":4},"end":{"line":87,"column":6}},"19":{"start":{"line":91,"column":4},"end":{"line":91,"column":32}},"20":{"start":{"line":102,"column":4},"end":{"line":115,"column":6}},"21":{"start":{"line":104,"column":31},"end":{"line":104,"column":65}},"22":{"start":{"line":105,"column":6},"end":{"line":114,"column":10}},"23":{"start":{"line":107,"column":10},"end":{"line":109,"column":11}},"24":{"start":{"line":108,"column":12},"end":{"line":108,"column":66}},"25":{"start":{"line":110,"column":10},"end":{"line":110,"column":35}},"26":{"start":{"line":113,"column":10},"end":{"line":113,"column":28}}},"fnMap":{"0":{"name":"(anonymous_0)","decl":{"start":{"line":16,"column":2},"end":{"line":16,"column":3}},"loc":{"start":{"line":16,"column":10},"end":{"line":18,"column":3}},"line":16},"1":{"name":"(anonymous_1)","decl":{"start":{"line":25,"column":2},"end":{"line":25,"column":3}},"loc":{"start":{"line":25,"column":11},"end":{"line":39,"column":3}},"line":25},"2":{"name":"(anonymous_2)","decl":{"start":{"line":47,"column":2},"end":{"line":47,"column":3}},"loc":{"start":{"line":47,"column":27},"end":{"line":52,"column":3}},"line":47},"3":{"name":"(anonymous_3)","decl":{"start":{"line":54,"column":2},"end":{"line":54,"column":3}},"loc":{"start":{"line":54,"column":21},"end":{"line":56,"column":3}},"line":54},"4":{"name":"(anonymous_4)","decl":{"start":{"line":64,"column":2},"end":{"line":64,"column":3}},"loc":{"start":{"line":64,"column":26},"end":{"line":71,"column":3}},"line":64},"5":{"name":"(anonymous_5)","decl":{"start":{"line":67,"column":20},"end":{"line":67,"column":21}},"loc":{"start":{"line":67,"column":34},"end":{"line":69,"column":5}},"line":67},"6":{"name":"(anonymous_6)","decl":{"start":{"line":73,"column":2},"end":{"line":73,"column":3}},"loc":{"start":{"line":73,"column":21},"end":{"line":75,"column":3}},"line":73},"7":{"name":"(anonymous_7)","decl":{"start":{"line":83,"column":2},"end":{"line":83,"column":3}},"loc":{"start":{"line":83,"column":27},"end":{"line":88,"column":3}},"line":83},"8":{"name":"(anonymous_8)","decl":{"start":{"line":90,"column":2},"end":{"line":90,"column":3}},"loc":{"start":{"line":90,"column":21},"end":{"line":92,"column":3}},"line":90},"9":{"name":"(anonymous_9)","decl":{"start":{"line":94,"column":2},"end":{"line":94,"column":3}},"loc":{"start":{"line":94,"column":48},"end":{"line":94,"column":50}},"line":94},"10":{"name":"(anonymous_10)","decl":{"start":{"line":101,"column":2},"end":{"line":101,"column":3}},"loc":{"start":{"line":101,"column":28},"end":{"line":116,"column":3}},"line":101},"11":{"name":"(anonymous_11)","decl":{"start":{"line":102,"column":23},"end":{"line":102,"column":24}},"loc":{"start":{"line":102,"column":44},"end":{"line":115,"column":5}},"line":102},"12":{"name":"(anonymous_12)","decl":{"start":{"line":106,"column":14},"end":{"line":106,"column":15}},"loc":{"start":{"line":106,"column":24},"end":{"line":111,"column":9}},"line":106},"13":{"name":"(anonymous_13)","decl":{"start":{"line":112,"column":15},"end":{"line":112,"column":16}},"loc":{"start":{"line":112,"column":21},"end":{"line":114,"column":9}},"line":112}},"branchMap":{"0":{"loc":{"start":{"line":26,"column":19},"end":{"line":26,"column":110}},"type":"binary-expr","locations":[{"start":{"line":26,"column":19},"end":{"line":26,"column":63}},{"start":{"line":26,"column":67},"end":{"line":26,"column":110}}],"line":26},"1":{"loc":{"start":{"line":107,"column":10},"end":{"line":109,"column":11}},"type":"if","locations":[{"start":{"line":107,"column":10},"end":{"line":109,"column":11}},{"start":{"line":107,"column":10},"end":{"line":109,"column":11}}],"line":107}},"s":{"0":1,"1":1,"2":1,"3":1,"4":0,"5":0,"6":0,"7":0,"8":0,"9":0,"10":0,"11":0,"12":0,"13":0,"14":0,"15":0,"16":0,"17":0,"18":0,"19":0,"20":0,"21":0,"22":0,"23":0,"24":0,"25":0,"26":0},"f":{"0":1,"1":0,"2":0,"3":0,"4":0,"5":0,"6":0,"7":0,"8":0,"9":0,"10":0,"11":0,"12":0,"13":0},"b":{"0":[0,0],"1":[0,0]},"_coverageSchema":"332fd63041d2c1bcb487cc26dd0d5f7d97098a6c","hash":"d6fdadbb47470a95464414b2486502b6b70566b9","contentHash":"2b422e7558fb8920a4d719e45efe9e50_11.3.0"},"/Users/scott/trailpack-proxy-router/api/services/RouterFLService.js":{"path":"/Users/scott/trailpack-proxy-router/api/services/RouterFLService.js","statementMap":{"0":{"start":{"line":4,"column":16},"end":{"line":4,"column":41}},"1":{"start":{"line":5,"column":10},"end":{"line":5,"column":27}},"2":{"start":{"line":6,"column":13},"end":{"line":6,"column":28}},"3":{"start":{"line":7,"column":11},"end":{"line":7,"column":24}},"4":{"start":{"line":8,"column":15},"end":{"line":8,"column":32}},"5":{"start":{"line":9,"column":14},"end":{"line":9,"column":30}},"6":{"start":{"line":10,"column":15},"end":{"line":10,"column":47}},"7":{"start":{"line":11,"column":19},"end":{"line":11,"column":55}},"8":{"start":{"line":12,"column":11},"end":{"line":12,"column":37}},"9":{"start":{"line":13,"column":15},"end":{"line":13,"column":45}},"10":{"start":{"line":19,"column":0},"end":{"line":553,"column":1}},"11":{"start":{"line":26,"column":4},"end":{"line":26,"column":28}},"12":{"start":{"line":38,"column":19},"end":{"line":38,"column":110}},"13":{"start":{"line":39,"column":21},"end":{"line":39,"column":56}},"14":{"start":{"line":40,"column":26},"end":{"line":40,"column":55}},"15":{"start":{"line":41,"column":20},"end":{"line":45,"column":5}},"16":{"start":{"line":46,"column":4},"end":{"line":60,"column":8}},"17":{"start":{"line":48,"column":27},"end":{"line":58,"column":9}},"18":{"start":{"line":59,"column":8},"end":{"line":59,"column":25}},"19":{"start":{"line":69,"column":4},"end":{"line":69,"column":100}},"20":{"start":{"line":73,"column":4},"end":{"line":73,"column":16}},"21":{"start":{"line":83,"column":4},"end":{"line":83,"column":27}},"22":{"start":{"line":84,"column":4},"end":{"line":84,"column":86}},"23":{"start":{"line":85,"column":33},"end":{"line":85,"column":71}},"24":{"start":{"line":86,"column":23},"end":{"line":96,"column":6}},"25":{"start":{"line":87,"column":6},"end":{"line":95,"column":7}},"26":{"start":{"line":88,"column":8},"end":{"line":88,"column":17}},"27":{"start":{"line":90,"column":11},"end":{"line":95,"column":7}},"28":{"start":{"line":91,"column":8},"end":{"line":91,"column":17}},"29":{"start":{"line":94,"column":8},"end":{"line":94,"column":16}},"30":{"start":{"line":97,"column":18},"end":{"line":97,"column":20}},"31":{"start":{"line":98,"column":4},"end":{"line":109,"column":6}},"32":{"start":{"line":99,"column":6},"end":{"line":103,"column":7}},"33":{"start":{"line":100,"column":8},"end":{"line":102,"column":12}},"34":{"start":{"line":104,"column":6},"end":{"line":108,"column":7}},"35":{"start":{"line":105,"column":8},"end":{"line":107,"column":12}},"36":{"start":{"line":114,"column":23},"end":{"line":130,"column":5}},"37":{"start":{"line":115,"column":6},"end":{"line":129,"column":7}},"38":{"start":{"line":116,"column":8},"end":{"line":116,"column":32}},"39":{"start":{"line":119,"column":8},"end":{"line":128,"column":12}},"40":{"start":{"line":121,"column":12},"end":{"line":127,"column":13}},"41":{"start":{"line":122,"column":14},"end":{"line":122,"column":32}},"42":{"start":{"line":123,"column":14},"end":{"line":123,"column":48}},"43":{"start":{"line":126,"column":14},"end":{"line":126,"column":38}},"44":{"start":{"line":131,"column":4},"end":{"line":158,"column":8}},"45":{"start":{"line":133,"column":8},"end":{"line":138,"column":9}},"46":{"start":{"line":134,"column":10},"end":{"line":134,"column":57}},"47":{"start":{"line":137,"column":10},"end":{"line":137,"column":108}},"48":{"start":{"line":142,"column":8},"end":{"line":142,"column":47}},"49":{"start":{"line":145,"column":27},"end":{"line":156,"column":9}},"50":{"start":{"line":157,"column":8},"end":{"line":157,"column":25}},"51":{"start":{"line":167,"column":4},"end":{"line":191,"column":6}},"52":{"start":{"line":170,"column":6},"end":{"line":175,"column":7}},"53":{"start":{"line":171,"column":8},"end":{"line":171,"column":36}},"54":{"start":{"line":174,"column":8},"end":{"line":174,"column":26}},"55":{"start":{"line":177,"column":6},"end":{"line":182,"column":7}},"56":{"start":{"line":178,"column":8},"end":{"line":178,"column":24}},"57":{"start":{"line":181,"column":8},"end":{"line":181,"column":26}},"58":{"start":{"line":184,"column":6},"end":{"line":190,"column":8}},"59":{"start":{"line":185,"column":8},"end":{"line":187,"column":9}},"60":{"start":{"line":186,"column":10},"end":{"line":186,"column":28}},"61":{"start":{"line":188,"column":8},"end":{"line":188,"column":76}},"62":{"start":{"line":189,"column":8},"end":{"line":189,"column":28}},"63":{"start":{"line":200,"column":4},"end":{"line":253,"column":6}},"64":{"start":{"line":202,"column":19},"end":{"line":202,"column":30}},"65":{"start":{"line":203,"column":20},"end":{"line":203,"column":32}},"66":{"start":{"line":204,"column":22},"end":{"line":204,"column":36}},"67":{"start":{"line":205,"column":6},"end":{"line":220,"column":7}},"68":{"start":{"line":206,"column":8},"end":{"line":211,"column":9}},"69":{"start":{"line":207,"column":10},"end":{"line":207,"column":60}},"70":{"start":{"line":210,"column":10},"end":{"line":210,"column":28}},"71":{"start":{"line":212,"column":8},"end":{"line":215,"column":9}},"72":{"start":{"line":213,"column":22},"end":{"line":213,"column":91}},"73":{"start":{"line":214,"column":10},"end":{"line":214,"column":28}},"74":{"start":{"line":216,"column":23},"end":{"line":216,"column":58}},"75":{"start":{"line":217,"column":26},"end":{"line":217,"column":42}},"76":{"start":{"line":218,"column":22},"end":{"line":218,"column":47}},"77":{"start":{"line":219,"column":8},"end":{"line":219,"column":37}},"78":{"start":{"line":221,"column":6},"end":{"line":223,"column":7}},"79":{"start":{"line":222,"column":8},"end":{"line":222,"column":25}},"80":{"start":{"line":224,"column":6},"end":{"line":227,"column":7}},"81":{"start":{"line":225,"column":20},"end":{"line":225,"column":67}},"82":{"start":{"line":226,"column":8},"end":{"line":226,"column":26}},"83":{"start":{"line":228,"column":6},"end":{"line":230,"column":7}},"84":{"start":{"line":229,"column":8},"end":{"line":229,"column":74}},"85":{"start":{"line":232,"column":18},"end":{"line":232,"column":52}},"86":{"start":{"line":233,"column":19},"end":{"line":233,"column":59}},"87":{"start":{"line":234,"column":6},"end":{"line":239,"column":7}},"88":{"start":{"line":235,"column":8},"end":{"line":235,"column":24}},"89":{"start":{"line":238,"column":8},"end":{"line":238,"column":26}},"90":{"start":{"line":241,"column":6},"end":{"line":241,"column":27}},"91":{"start":{"line":242,"column":6},"end":{"line":242,"column":26}},"92":{"start":{"line":243,"column":6},"end":{"line":243,"column":28}},"93":{"start":{"line":244,"column":6},"end":{"line":244,"column":32}},"94":{"start":{"line":246,"column":6},"end":{"line":252,"column":8}},"95":{"start":{"line":247,"column":8},"end":{"line":249,"column":9}},"96":{"start":{"line":248,"column":10},"end":{"line":248,"column":28}},"97":{"start":{"line":250,"column":8},"end":{"line":250,"column":89}},"98":{"start":{"line":251,"column":8},"end":{"line":251,"column":28}},"99":{"start":{"line":263,"column":4},"end":{"line":266,"column":6}},"100":{"start":{"line":265,"column":6},"end":{"line":265,"column":26}},"101":{"start":{"line":275,"column":4},"end":{"line":283,"column":6}},"102":{"start":{"line":276,"column":6},"end":{"line":282,"column":8}},"103":{"start":{"line":277,"column":8},"end":{"line":279,"column":9}},"104":{"start":{"line":278,"column":10},"end":{"line":278,"column":28}},"105":{"start":{"line":280,"column":8},"end":{"line":280,"column":89}},"106":{"start":{"line":281,"column":8},"end":{"line":281,"column":28}},"107":{"start":{"line":293,"column":4},"end":{"line":293,"column":27}},"108":{"start":{"line":294,"column":4},"end":{"line":324,"column":6}},"109":{"start":{"line":297,"column":6},"end":{"line":302,"column":7}},"110":{"start":{"line":298,"column":8},"end":{"line":298,"column":36}},"111":{"start":{"line":301,"column":8},"end":{"line":301,"column":26}},"112":{"start":{"line":303,"column":23},"end":{"line":303,"column":53}},"113":{"start":{"line":305,"column":6},"end":{"line":307,"column":7}},"114":{"start":{"line":306,"column":8},"end":{"line":306,"column":29}},"115":{"start":{"line":309,"column":6},"end":{"line":311,"column":7}},"116":{"start":{"line":310,"column":8},"end":{"line":310,"column":29}},"117":{"start":{"line":316,"column":6},"end":{"line":316,"column":46}},"118":{"start":{"line":317,"column":6},"end":{"line":323,"column":8}},"119":{"start":{"line":318,"column":8},"end":{"line":320,"column":9}},"120":{"start":{"line":319,"column":10},"end":{"line":319,"column":28}},"121":{"start":{"line":321,"column":8},"end":{"line":321,"column":90}},"122":{"start":{"line":322,"column":8},"end":{"line":322,"column":28}},"123":{"start":{"line":333,"column":4},"end":{"line":350,"column":6}},"124":{"start":{"line":336,"column":6},"end":{"line":342,"column":7}},"125":{"start":{"line":337,"column":8},"end":{"line":337,"column":53}},"126":{"start":{"line":338,"column":8},"end":{"line":338,"column":29}},"127":{"start":{"line":341,"column":8},"end":{"line":341,"column":26}},"128":{"start":{"line":343,"column":6},"end":{"line":349,"column":8}},"129":{"start":{"line":344,"column":8},"end":{"line":346,"column":9}},"130":{"start":{"line":345,"column":10},"end":{"line":345,"column":28}},"131":{"start":{"line":347,"column":8},"end":{"line":347,"column":84}},"132":{"start":{"line":348,"column":8},"end":{"line":348,"column":28}},"133":{"start":{"line":360,"column":4},"end":{"line":360,"column":27}},"134":{"start":{"line":361,"column":4},"end":{"line":361,"column":97}},"135":{"start":{"line":362,"column":27},"end":{"line":362,"column":34}},"136":{"start":{"line":363,"column":18},"end":{"line":363,"column":52}},"137":{"start":{"line":364,"column":20},"end":{"line":364,"column":51}},"138":{"start":{"line":366,"column":4},"end":{"line":368,"column":5}},"139":{"start":{"line":367,"column":6},"end":{"line":367,"column":37}},"140":{"start":{"line":370,"column":4},"end":{"line":377,"column":6}},"141":{"start":{"line":371,"column":6},"end":{"line":376,"column":7}},"142":{"start":{"line":372,"column":8},"end":{"line":372,"column":89}},"143":{"start":{"line":375,"column":8},"end":{"line":375,"column":49}},"144":{"start":{"line":379,"column":4},"end":{"line":381,"column":5}},"145":{"start":{"line":380,"column":6},"end":{"line":380,"column":33}},"146":{"start":{"line":383,"column":4},"end":{"line":420,"column":5}},"147":{"start":{"line":384,"column":6},"end":{"line":410,"column":7}},"148":{"start":{"line":385,"column":26},"end":{"line":390,"column":9}},"149":{"start":{"line":391,"column":8},"end":{"line":391,"column":98}},"150":{"start":{"line":392,"column":22},"end":{"line":392,"column":47}},"151":{"start":{"line":393,"column":22},"end":{"line":393,"column":36}},"152":{"start":{"line":395,"column":8},"end":{"line":401,"column":9}},"153":{"start":{"line":396,"column":29},"end":{"line":396,"column":52}},"154":{"start":{"line":397,"column":10},"end":{"line":400,"column":11}},"155":{"start":{"line":398,"column":12},"end":{"line":398,"column":106}},"156":{"start":{"line":399,"column":12},"end":{"line":399,"column":32}},"157":{"start":{"line":402,"column":8},"end":{"line":402,"column":53}},"158":{"start":{"line":406,"column":8},"end":{"line":406,"column":60}},"159":{"start":{"line":413,"column":9},"end":{"line":420,"column":5}},"160":{"start":{"line":414,"column":6},"end":{"line":414,"column":59}},"161":{"start":{"line":418,"column":6},"end":{"line":418,"column":54}},"162":{"start":{"line":423,"column":16},"end":{"line":437,"column":5}},"163":{"start":{"line":438,"column":4},"end":{"line":438,"column":68}},"164":{"start":{"line":439,"column":4},"end":{"line":439,"column":52}},"165":{"start":{"line":440,"column":4},"end":{"line":440,"column":14}},"166":{"start":{"line":450,"column":4},"end":{"line":450,"column":27}},"167":{"start":{"line":451,"column":18},"end":{"line":451,"column":52}},"168":{"start":{"line":452,"column":20},"end":{"line":452,"column":24}},"169":{"start":{"line":453,"column":4},"end":{"line":455,"column":5}},"170":{"start":{"line":454,"column":6},"end":{"line":454,"column":37}},"171":{"start":{"line":456,"column":4},"end":{"line":463,"column":6}},"172":{"start":{"line":457,"column":6},"end":{"line":462,"column":7}},"173":{"start":{"line":458,"column":8},"end":{"line":458,"column":89}},"174":{"start":{"line":461,"column":8},"end":{"line":461,"column":49}},"175":{"start":{"line":465,"column":16},"end":{"line":475,"column":5}},"176":{"start":{"line":476,"column":4},"end":{"line":476,"column":14}},"177":{"start":{"line":484,"column":4},"end":{"line":497,"column":6}},"178":{"start":{"line":485,"column":6},"end":{"line":496,"column":8}},"179":{"start":{"line":486,"column":8},"end":{"line":493,"column":9}},"180":{"start":{"line":487,"column":10},"end":{"line":492,"column":11}},"181":{"start":{"line":488,"column":12},"end":{"line":488,"column":33}},"182":{"start":{"line":491,"column":12},"end":{"line":491,"column":30}},"183":{"start":{"line":495,"column":8},"end":{"line":495,"column":38}},"184":{"start":{"line":506,"column":4},"end":{"line":519,"column":6}},"185":{"start":{"line":507,"column":6},"end":{"line":518,"column":8}},"186":{"start":{"line":508,"column":8},"end":{"line":515,"column":9}},"187":{"start":{"line":509,"column":10},"end":{"line":514,"column":11}},"188":{"start":{"line":510,"column":12},"end":{"line":510,"column":33}},"189":{"start":{"line":513,"column":12},"end":{"line":513,"column":30}},"190":{"start":{"line":517,"column":8},"end":{"line":517,"column":43}},"191":{"start":{"line":528,"column":4},"end":{"line":530,"column":6}},"192":{"start":{"line":529,"column":6},"end":{"line":529,"column":64}},"193":{"start":{"line":541,"column":25},"end":{"line":545,"column":25}},"194":{"start":{"line":542,"column":6},"end":{"line":544,"column":8}},"195":{"start":{"line":543,"column":8},"end":{"line":543,"column":31}},"196":{"start":{"line":546,"column":4},"end":{"line":551,"column":5}},"197":{"start":{"line":547,"column":6},"end":{"line":547,"column":33}},"198":{"start":{"line":550,"column":6},"end":{"line":550,"column":25}}},"fnMap":{"0":{"name":"(anonymous_0)","decl":{"start":{"line":25,"column":2},"end":{"line":25,"column":3}},"loc":{"start":{"line":25,"column":10},"end":{"line":27,"column":3}},"line":25},"1":{"name":"(anonymous_1)","decl":{"start":{"line":35,"column":2},"end":{"line":35,"column":3}},"loc":{"start":{"line":35,"column":14},"end":{"line":61,"column":3}},"line":35},"2":{"name":"(anonymous_2)","decl":{"start":{"line":47,"column":12},"end":{"line":47,"column":13}},"loc":{"start":{"line":47,"column":28},"end":{"line":60,"column":7}},"line":47},"3":{"name":"(anonymous_3)","decl":{"start":{"line":68,"column":2},"end":{"line":68,"column":3}},"loc":{"start":{"line":68,"column":23},"end":{"line":74,"column":3}},"line":68},"4":{"name":"(anonymous_4)","decl":{"start":{"line":82,"column":2},"end":{"line":82,"column":3}},"loc":{"start":{"line":82,"column":46},"end":{"line":159,"column":3}},"line":82},"5":{"name":"(anonymous_5)","decl":{"start":{"line":86,"column":49},"end":{"line":86,"column":50}},"loc":{"start":{"line":86,"column":56},"end":{"line":96,"column":5}},"line":86},"6":{"name":"(anonymous_6)","decl":{"start":{"line":98,"column":23},"end":{"line":98,"column":24}},"loc":{"start":{"line":98,"column":30},"end":{"line":109,"column":5}},"line":98},"7":{"name":"(anonymous_7)","decl":{"start":{"line":114,"column":23},"end":{"line":114,"column":24}},"loc":{"start":{"line":114,"column":34},"end":{"line":130,"column":5}},"line":114},"8":{"name":"(anonymous_8)","decl":{"start
[...]
column":10},"end":{"line":705,"column":11}},"type":"if","locations":[{"start":{"line":703,"column":10},"end":{"line":705,"column":11}},{"start":{"line":703,"column":10},"end":{"line":705,"column":11}}],"line":703},"58":{"loc":{"start":{"line":703,"column":14},"end":{"line":703,"column":48}},"type":"binary-expr","locations":[{"start":{"line":703,"column":14},"end":{"line":703,"column":30}},{"start":{"line":703,"column":34},"end":{"line":703,"column":48}}],"line":703},"59":{"loc":{"start":{"line":717,"column":10},"end":{"line":722,"column":11}},"type":"if","locations":[{"start":{"line":717,"column":10},"end":{"line":722,"column":11}},{"start":{"line":717,"column":10},"end":{"line":722,"column":11}}],"line":717},"60":{"loc":{"start":{"line":726,"column":10},"end":{"line":728,"column":11}},"type":"if","locations":[{"start":{"line":726,"column":10},"end":{"line":728,"column":11}},{"start":{"line":726,"column":10},"end":{"line":728,"column":11}}],"line":726},"61":{"loc":{"start":{"line":750,"column":6},"end":{"line":773,"column":7}},"type":"if","locations":[{"start":{"line":750,"column":6},"end":{"line":773,"column":7}},{"start":{"line":750,"column":6},"end":{"line":773,"column":7}}],"line":750}},"s":{"0":1,"1":1,"2":1,"3":1,"4":7,"5":7,"6":0,"7":7,"8":7,"9":7,"10":56,"11":4,"12":52,"13":52,"14":7,"15":7,"16":7,"17":27,"18":27,"19":27,"20":18,"21":18,"22":9,"23":0,"24":9,"25":9,"26":0,"27":0,"28":9,"29":9,"30":36,"31":4,"32":32,"33":32,"34":2,"35":9,"36":2,"37":7,"38":7,"39":7,"40":0,"41":0,"42":7,"43":7,"44":0,"45":0,"46":0,"47":0,"48":0,"49":0,"50":0,"51":0,"52":0,"53":0,"54":0,"55":0,"56":0,"57":0,"58":0,"59":0,"60":0,"61":0,"62":0,"63":0,"64":8,"65":8,"66":8,"67":8,"68":8,"69":8,"70":0,"71":0,"72":8,"73":0,"74":0,"75":8,"76":0,"77":0,"78":0,"79":0,"80":0,"81":0,"82":0,"83":0,"84":8,"85":2,"86":2,"87":2,"88":2,"89":2,"90":2,"91":0,"92":2,"93":2,"94":2,"95":0,"96":2,"97":2,"98":2,"99":0,"100":2,"101":1,"102":1,"103":1,"104":1,"105":1,"106":1,"107":1,"108":1,"109":1,"110":1,"111":0,"112":0,"113":0,"114":0,"115":0,"116":0,"117":2,"118":2,"119":2,"120":2,"121":2,"122":2,"123":0,"124":2,"125":2,"126":2,"127":2,"128":2,"129":0,"130":2,"131":1,"132":1,"133":1,"134":1,"135":1,"136":1,"137":1,"138":1,"139":1,"140":1,"141":0,"142":0,"143":0,"144":0,"145":0,"146":0,"147":1,"148":1,"149":1,"150":1,"151":1,"152":1,"153":0,"154":1,"155":1,"156":1,"157":1,"158":1,"159":0,"160":1,"161":0,"162":1,"163":1,"164":0,"165":1,"166":1,"167":1,"168":1,"169":1,"170":1,"171":0,"172":0,"173":0,"174":0,"175":0,"176":0,"177":1,"178":1,"179":1,"180":1,"181":1,"182":1,"183":0,"184":1,"185":1,"186":1,"187":1,"188":1,"189":1,"190":1,"191":0,"192":1,"193":0,"194":1,"195":1,"196":0,"197":1,"198":1,"199":1,"200":1,"201":1,"202":1,"203":0,"204":0,"205":0,"206":0,"207":0,"208":0,"209":1,"210":1,"211":1,"212":1,"213":1,"214":1,"215":0,"216":1,"217":1,"218":1,"219":1,"220":1,"221":1,"222":1,"223":0,"224":1,"225":0,"226":1,"227":1,"228":0,"229":1,"230":1,"231":1,"232":1,"233":1,"234":1,"235":0,"236":0,"237":0,"238":0,"239":0,"240":0,"241":1,"242":1,"243":1,"244":1,"245":1,"246":1,"247":0,"248":1,"249":1,"250":1,"251":1,"252":1,"253":1,"254":1,"255":0,"256":1,"257":1,"258":0,"259":1,"260":1,"261":0,"262":1,"263":1,"264":1,"265":1,"266":1,"267":1,"268":0,"269":0,"270":0,"271":0,"272":0,"273":0},"f":{"0":7,"1":7,"2":56,"3":27,"4":36,"5":0,"6":7,"7":0,"8":0,"9":0,"10":7,"11":0,"12":0,"13":0,"14":0,"15":0,"16":0,"17":8,"18":8,"19":0,"20":0,"21":2,"22":2,"23":2,"24":2,"25":1,"26":1,"27":1,"28":1,"29":0,"30":0,"31":0,"32":0,"33":2,"34":2,"35":2,"36":2,"37":2,"38":1,"39":1,"40":1,"41":1,"42":1,"43":0,"44":0,"45":0,"46":0,"47":1,"48":1,"49":1,"50":1,"51":1,"52":1,"53":0,"54":1,"55":1,"56":1,"57":0,"58":0,"59":0,"60":0,"61":1,"62":1,"63":1,"64":1,"65":1,"66":1,"67":0,"68":1,"69":1,"70":1,"71":0,"72":0,"73":0,"74":0,"75":1,"76":1,"77":1,"78":1,"79":1,"80":1,"81":0,"82":1,"83":1,"84":1,"85":0,"86":0,"87":0,"88":0,"89":1,"90":1,"91":1,"92":1,"93":1,"94":1,"95":0,"96":1,"97":1,"98":1,"99":0,"100":0,"101":0,"102":0},"b":{"0":[7,0],"1":[7,7],"2":[4,52],"3":[7,45],"4":[27,27],"5":[18,9],"6":[27,27],"7":[0,9],"8":[9,9],"9":[0,9],"10":[4,32],"11":[2,30],"12":[2,7],"13":[7,0],"14":[0,0],"15":[0,0],"16":[0,0],"17":[0,0],"18":[0,0],"19":[0,0],"20":[0,0],"21":[0,0],"22":[8,0],"23":[0,8],"24":[8,8],"25":[0,8],"26":[0,0],"27":[0,0],"28":[0,0],"29":[2,2],"30":[0,2],"31":[2,2],"32":[0,2],"33":[2,0],"34":[1,1],"35":[1,1],"36":[1,0],"37":[0,2],"38":[2,0],"39":[2,0],"40":[1,1],"41":[1,0],"42":[0,1],"43":[1,0],"44":[1,0],"45":[0,1],"46":[1,0],"47":[0,1],"48":[1,0],"49":[1,0],"50":[0,1],"51":[1,0],"52":[0,1],"53":[1,0],"54":[1,0],"55":[0,1],"56":[1,0],"57":[0,1],"58":[1,0],"59":[1,0],"60":[0,1],"61":[1,0]},"_coverageSchema":"332fd63041d2c1bcb487cc26dd0d5f7d97098a6c","hash":"d62ffb61b25f4a17c24f8af432ded65ec004532d","contentHash":"961dc19f78486872ed016ad64e98db70_11.3.0"},"/Users/scott/trailpack-proxy-router/api/services/RouterRepoService.js":{"path":"/Users/scott/trailpack-proxy-router/api/services/RouterRepoService.js","statementMap":{"0":{"start":{"line":3,"column":16},"end":{"line":3,"column":41}},"1":{"start":{"line":9,"column":0},"end":{"line":13,"column":1}}},"fnMap":{"0":{"name":"(anonymous_0)","decl":{"start":{"line":10,"column":2},"end":{"line":10,"column":3}},"loc":{"start":{"line":10,"column":19},"end":{"line":12,"column":3}},"line":10}},"branchMap":{},"s":{"0":1,"1":1},"f":{"0":0},"b":{},"_coverageSchema":"332fd63041d2c1bcb487cc26dd0d5f7d97098a6c","hash":"75019d8603af640b02d9626fca316d4a9ceb3bac","contentHash":"5dba9053e0c9520d488f5808fb004d8f_11.3.0"},"/Users/scott/trailpack-proxy-router/api/services/RouterSitemapService.js":{"path":"/Users/scott/trailpack-proxy-router/api/services/RouterSitemapService.js","statementMap":{"0":{"start":{"line":3,"column":11},"end":{"line":3,"column":24}},"1":{"start":{"line":4,"column":13},"end":{"line":4,"column":28}},"2":{"start":{"line":5,"column":10},"end":{"line":5,"column":27}},"3":{"start":{"line":6,"column":16},"end":{"line":6,"column":41}},"4":{"start":{"line":13,"column":0},"end":{"line":187,"column":1}},"5":{"start":{"line":15,"column":4},"end":{"line":15,"column":14}},"6":{"start":{"line":17,"column":4},"end":{"line":17,"column":56}},"7":{"start":{"line":18,"column":4},"end":{"line":18,"column":18}},"8":{"start":{"line":22,"column":16},"end":{"line":22,"column":57}},"9":{"start":{"line":23,"column":20},"end":{"line":23,"column":45}},"10":{"start":{"line":24,"column":4},"end":{"line":24,"column":49}},"11":{"start":{"line":28,"column":16},"end":{"line":28,"column":57}},"12":{"start":{"line":29,"column":4},"end":{"line":29,"column":18}},"13":{"start":{"line":30,"column":4},"end":{"line":30,"column":35}},"14":{"start":{"line":31,"column":4},"end":{"line":31,"column":28}},"15":{"start":{"line":35,"column":4},"end":{"line":37,"column":5}},"16":{"start":{"line":36,"column":6},"end":{"line":36,"column":100}},"17":{"start":{"line":38,"column":21},"end":{"line":38,"column":76}},"18":{"start":{"line":39,"column":20},"end":{"line":39,"column":37}},"19":{"start":{"line":40,"column":20},"end":{"line":40,"column":36}},"20":{"start":{"line":41,"column":18},"end":{"line":41,"column":37}},"21":{"start":{"line":42,"column":19},"end":{"line":42,"column":21}},"22":{"start":{"line":43,"column":15},"end":{"line":43,"column":17}},"23":{"start":{"line":47,"column":27},"end":{"line":47,"column":55}},"24":{"start":{"line":49,"column":4},"end":{"line":51,"column":5}},"25":{"start":{"line":50,"column":6},"end":{"line":50,"column":51}},"26":{"start":{"line":53,"column":4},"end":{"line":55,"column":5}},"27":{"start":{"line":54,"column":6},"end":{"line":54,"column":53}},"28":{"start":{"line":57,"column":4},"end":{"line":79,"column":6}},"29":{"start":{"line":59,"column":27},"end":{"line":59,"column":50}},"30":{"start":{"line":61,"column":19},"end":{"line":61,"column":44}},"31":{"start":{"line":64,"column":6},"end":{"line":66,"column":7}},"32":{"start":{"line":65,"column":8},"end":{"line":65,"column":63}},"33":{"start":{"line":81,"column":4},"end":{"line":102,"column":5}},"34":{"start":{"line":104,"column":4},"end":{"line":106,"column":5}},"35":{"start":{"line":105,"column":6},"end":{"line":105,"column":77}},"36":{"start":{"line":108,"column":4},"end":{"line":108,"column":19}},"37":{"start":{"line":118,"column":4},"end":{"line":118,"column":38}},"38":{"start":{"line":127,"column":16},"end":{"line":127,"column":44}},"39":{"start":{"line":128,"column":17},"end":{"line":128,"column":82}},"40":{"start":{"line":129,"column":4},"end":{"line":129,"column":15}},"41":{"start":{"line":139,"column":4},"end":{"line":139,"column":60}},"42":{"start":{"line":148,"column":4},"end":{"line":148,"column":51}},"43":{"start":{"line":152,"column":21},"end":{"line":152,"column":76}},"44":{"start":{"line":155,"column":4},"end":{"line":155,"column":44}},"45":{"start":{"line":157,"column":4},"end":{"line":157,"column":24}},"46":{"start":{"line":158,"column":4},"end":{"line":163,"column":5}},"47":{"start":{"line":159,"column":6},"end":{"line":159,"column":48}},"48":{"start":{"line":162,"column":6},"end":{"line":162,"column":34}},"49":{"start":{"line":164,"column":4},"end":{"line":166,"column":5}},"50":{"start":{"line":165,"column":6},"end":{"line":165,"column":14}},"51":{"start":{"line":167,"column":4},"end":{"line":167,"column":14}},"52":{"start":{"line":175,"column":12},"end":{"line":175,"column":26}},"53":{"start":{"line":176,"column":14},"end":{"line":176,"column":37}},"54":{"start":{"line":177,"column":12},"end":{"line":177,"column":28}},"55":{"start":{"line":178,"column":13},"end":{"line":178,"column":28}},"56":{"start":{"line":179,"column":4},"end":{"line":181,"column":5}},"57":{"start":{"line":180,"column":6},"end":{"line":180,"column":25}},"58":{"start":{"line":182,"column":4},"end":{"line":184,"column":5}},"59":{"start":{"line":183,"column":6},"end":{"line":183,"column":21}},"60":{"start":{"line":185,"column":4},"end":{"line":185,"column":39}}},"fnMap":{"0":{"name":"(anonymous_0)","decl":{"start":{"line":14,"column":2},"end":{"line":14,"column":3}},"loc":{"start":{"line":14,"column":19},"end":{"line":19,"column":3}},"line":14},"1":{"name":"(anonymous_1)","decl":{"start":{"line":21,"column":2},"end":{"line":21,"column":3}},"loc":{"start":{"line":21,"column":11},"end":{"line":25,"column":3}},"line":21},"2":{"name":"(anonymous_2)","decl":{"start":{"line":27,"column":2},"end":{"line":27,"column":3}},"loc":{"start":{"line":27,"column":12},"end":{"line":32,"column":3}},"line":27},"3":{"name":"(anonymous_3)","decl":{"start":{"line":34,"column":2},"end":{"line":34,"column":3}},"loc":{"start":{"line":34,"column":37},"end":{"line":109,"column":3}},"line":34},"4":{"name":"(anonymous_4)","decl":{"start":{"line":57,"column":18},"end":{"line":57,"column":19}},"loc":{"start":{"line":57,"column":26},"end":{"line":79,"column":5}},"line":57},"5":{"name":"(anonymous_5)","decl":{"start":{"line":116,"column":2},"end":{"line":116,"column":3}},"loc":{"start":{"line":116,"column":25},"end":{"line":119,"column":3}},"line":116},"6":{"name":"(anonymous_6)","decl":{"start":{"line":126,"column":2},"end":{"line":126,"column":3}},"loc":{"start":{"line":126,"column":17},"end":{"line":130,"column":3}},"line":126},"7":{"name":"(anonymous_7)","decl":{"start":{"line":138,"column":2},"end":{"line":138,"column":3}},"loc":{"start":{"line":138,"column":29},"end":{"line":140,"column":3}},"line":138},"8":{"name":"(anonymous_8)","decl":{"start":{"line":147,"column":2},"end":{"line":147,"column":3}},"loc":{"start":{"line":147,"column":20},"end":{"line":149,"column":3}},"line":147},"9":{"name":"(anonymous_9)","decl":{"start":{"line":151,"column":2},"end":{"line":151,"column":3}},"loc":{"start":{"line":151,"column":17},"end":{"line":168,"column":3}},"line":151},"10":{"name":"(anonymous_10)","decl":{"start":{"line":174,"column":2},"end":{"line":174,"column":3}},"loc":{"start":{"line":174,"column":19},"end":{"line":186,"column":3}},"line":174}},"branchMap":{"0":{"loc":{"start":{"line":34,"column":23},"end":{"line":34,"column":35}},"type":"default-arg","locations":[{"start":{"line":34,"column":30},"end":{"line":34,"column":35}}],"line":34},"1":{"loc":{"start":{"line":35,"column":4},"end":{"line":37,"column":5}},"type":"if","locations":[{"start":{"line":35,"column":4},"end":{"line":37,"column":5}},{"start":{"line":35,"column":4},"end":{"line":37,"column":5}}],"line":35},"2":{"loc":{"start":{"line":49,"column":4},"end":{"line":51,"column":5}},"type":"if","locations":[{"start":{"line":49,"column":4},"end":{"line":51,"column":5}},{"start":{"line":49,"column":4},"end":{"line":51,"column":5}}],"line":49},"3":{"loc":{"start":{"line":53,"column":4},"end":{"line":55,"column":5}},"type":"if","locations":[{"start":{"line":53,"column":4},"end":{"line":55,"column":5}},{"start":{"line":53,"column":4},"end":{"line":55,"column":5}}],"line":53},"4":{"loc":{"start":{"line":64,"column":6},"end":{"line":66,"column":7}},"type":"if","locations":[{"start":{"line":64,"column":6},"end":{"line":66,"column":7}},{"start":{"line":64,"column":6},"end":{"line":66,"column":7}}],"line":64},"5":{"loc":{"start":{"line":64,"column":10},"end":{"line":64,"column":108}},"type":"binary-expr","locations":[{"start":{"line":64,"column":10},"end":{"line":64,"column":28}},{"start":{"line":64,"column":32},"end":{"line":64,"column":82}},{"start":{"line":64,"column":86},"end":{"line":64,"column":108}}],"line":64},"6":{"loc":{"start":{"line":91,"column":17},"end":{"line":91,"column":55}},"type":"binary-expr","locations":[{"start":{"line":91,"column":17},"end":{"line":91,"column":49}},{"start":{"line":91,"column":53},"end":{"line":91,"column":55}}],"line":91},"7":{"loc":{"start":{"line":93,"column":16},"end":{"line":93,"column":54}},"type":"binary-expr","locations":[{"start":{"line":93,"column":16},"end":{"line":93,"column":48}},{"start":{"line":93,"column":52},"end":{"line":93,"column":54}}],"line":93},"8":{"loc":{"start":{"line":97,"column":15},"end":{"line":97,"column":61}},"type":"binary-expr","locations":[{"start":{"line":97,"column":15},"end":{"line":97,"column":27}},{"start":{"line":97,"column":31},"end":{"line":97,"column":61}}],"line":97},"9":{"loc":{"start":{"line":99,"column":18},"end":{"line":99,"column":45}},"type":"binary-expr","locations":[{"start":{"line":99,"column":18},"end":{"line":99,"column":33}},{"start":{"line":99,"column":37},"end":{"line":99,"column":45}}],"line":99},"10":{"loc":{"start":{"line":101,"column":16},"end":{"line":101,"column":38}},"type":"binary-expr","locations":[{"start":{"line":101,"column":16},"end":{"line":101,"column":29}},{"start":{"line":101,"column":33},"end":{"line":101,"column":38}}],"line":101},"11":{"loc":{"start":{"line":104,"column":4},"end":{"line":106,"column":5}},"type":"if","locations":[{"start":{"line":104,"column":4},"end":{"line":106,"column":5}},{"start":{"line":104,"column":4},"end":{"line":106,"column":5}}],"line":104},"12":{"loc":{"start":{"line":118,"column":11},"end":{"line":118,"column":38}},"type":"binary-expr","locations":[{"start":{"line":118,"column":11},"end":{"line":118,"column":16}},{"start":{"line":118,"column":20},"end":{"line":118,"column":38}}],"line":118},"13":{"loc":{"start":{"line":128,"column":17},"end":{"line":128,"column":82}},"type":"binary-expr","locations":[{"start":{"line":128,"column":17},"end":{"line":128,"column":76}},{"start":{"line":128,"column":80},"end":{"line":128,"column":82}}],"line":128},"14":{"loc":{"start":{"line":155,"column":10},"end":{"line":155,"column":44}},"type":"binary-expr","locations":[{"start":{"line":155,"column":10},"end":{"line":155,"column":38}},{"start":{"line":155,"column":42},"end":{"line":155,"column":44}}],"line":155},"15":{"loc":{"start":{"line":158,"column":4},"end":{"line":163,"column":5}},"type":"if","locations":[{"start":{"line":158,"column":4},"end":{"line":163,"column":5}},{"start":{"line":158,"column":4},"end":{"line":163,"column":5}}],"line":158},"16":{"loc":{"start":{"line":164,"column":4},"end":{"line":166,"column":5}},"type":"if","locations":[{"start":{"line":164,"column":4},"end":{"line":166,"column":5}},{"start":{"line":164,"column":4},"end":{"line":166,"column":5}}],"line":164},"17":{"loc":{"start":{"line":179,"column":4},"end":{"line":181,"column":5}},"type":"if","locations":[{"start":{"line":179,"column":4},"end":{"line":181,"column":5}},{"start":{"line":179,"column":4},"end":{"line":181,"column":5}}],"line":179},"18":{"loc":{"start":{"line":182,"column":4},"end":{"line":184,"column":5}},"type":"if","locations":[{"start":{"line":182,"column":4},"end":{"line":184,"column":5}},{"start":{"line":182,"column":4},"end":{"line":184,"column":5}}],"line":182}},"s":{"0":1,"1":1,"2":1,"3":1,"4":1,"5":1,"6":1,"7":1,"8":2,"9":2,"10":2,"11":2,"12":2,"13":2,"14":2,"15":92,"16":0,"17":92,"18":92,"19":92,"20":92,"21":92,"22":92,"23":92,"24":92,"25":74,"26":92,"27":9,"28":92,"29":192,"30":192,"31":192,"32":81,"33":92,"34":92,"35":20,"36":92,"37":92,"38":83,"39":83,"40":83,"41":0,"42":0,"43":92,"44":92,"45":92,"46":92,"47":92,"48":0,"49":92,"50":9,"51":92,"52":92,"53":92,"54":92,"55":92,"56":92,"57":19,"58":92,"59":64,"60":92},"f":{"0":1,"1":2,"2":2,"3":92,"4":192,"5":92,"6":83,"7":0,"8":0,"9":92,"10":92},"b":{"0":[9],"1":[0,92],"2":[74,18],"3":[9,83],"4":[81,111],"5":[192,173,90],"6":[92,9],"7":[92,9],"8":[92,92],"9":[92,92],"10":[92,92],"11":[20,72],"12":[92,63],"13":[83,0],"14":[92,9],"15":[92,0],"16":[9,83],"17":[19,73],"18":[64,28]},"_coverageSchema":"332fd63041d2c1bcb487cc26dd0d5f7d97098a6c","hash":"4bc4993d82404ad424d955eec9b6d370548ff8b9","contentHash":"0f4eb67286277c8cb8907e8b325eec2b_11.3.0"},"/Users/scott/trailpack-proxy-router/api/crons/index.js":{"path":"/Users/scott/trailpack-proxy-router/api/crons/index.js","statementMap":{},"fnMap":{},"branchMap":{},"s":{},"f":{},"b":{},"_coverageSchema":"332fd63041d2c1bcb487cc26dd0d5f7d97098a6c","hash":"b3005e036ccc043440cbc8e989e730756340937c","contentHash":"6bf496b80366c629b9adab41ab03f934_11.3.0"},"/Users/scott/trailpack-proxy-router/api/events/index.js":{"path":"/Users/scott/trailpack-proxy-router/api/events/index.js","statementMap":{},"fnMap":{},"branchMap":{},"s":{},"f":{},"b":{},"_coverageSchema":"332fd63041d2c1bcb487cc26dd0d5f7d97098a6c","hash":"3a0b9d08fda94033fcdb48e41497d1d066cb3528","contentHash":"9555d54ec2b8ec65b6921d660c2f62c6_11.3.0"},"/Users/scott/trailpack-proxy-router/api/sitemaps/index.js":{"path":"/Users/scott/trailpack-proxy-router/api/sitemaps/index.js","statementMap":{"0":{"start":{"line":1,"column":0},"end":{"line":1,"column":52}}},"fnMap":{},"branchMap":{},"s":{"0":1},"f":{},"b":{},"_coverageSchema":"332fd63041d2c1bcb487cc26dd0d5f7d97098a6c","hash":"8c45518dbde565343a5ee3655000e912159fc9de","contentHash":"c0fcd9c6efad6c7813035fb93091c275_11.3.0"},"/Users/scott/trailpack-proxy-router/api/sitemaps/ContentSitemap.js":{"path":"/Users/scott/trailpack-proxy-router/api/sitemaps/ContentSitemap.js","statementMap":{"0":{"start":{"line":1,"column":16},"end":{"line":1,"column":58}},"1":{"start":{"line":3,"column":0},"end":{"line":9,"column":1}},"2":{"start":{"line":5,"column":16},"end":{"line":5,"column":64}},"3":{"start":{"line":6,"column":4},"end":{"line":6,"column":45}},"4":{"start":{"line":7,"column":4},"end":{"line":7,"column":30}}},"fnMap":{"0":{"name":"(anonymous_0)","decl":{"start":{"line":4,"column":2},"end":{"line":4,"column":3}},"loc":{"start":{"line":4,"column":12},"end":{"line":8,"column":3}},"line":4}},"branchMap":{},"s":{"0":1,"1":1,"2":1,"3":1,"4":1},"f":{"0":1},"b":{},"_coverageSchema":"332fd63041d2c1bcb487cc26dd0d5f7d97098a6c","hash":"b2a1565530580cd79e5a776a8ab17b6743d0c184","contentHash":"98ad55116a73fe4de4ea1326a1797766_11.3.0"},"/Users/scott/trailpack-proxy-router/api/tasks/index.js":{"path":"/Users/scott/trailpack-proxy-router/api/tasks/index.js","statementMap":{},"fnMap":{},"branchMap":{},"s":{},"f":{},"b":{},"_coverageSchema":"332fd63041d2c1bcb487cc26dd0d5f7d97098a6c","hash":"c3aee22e5b41798acbedfa63a612baa9ef632319","contentHash":"c1319fbaf072d985e7c66f241e3a0218_11.3.0"}}